<?xml version="1.0" encoding="utf-8"?>
<CoverageSession xmlns:xsd="http://www.w3.org/2001/XMLSchema" xmlns:xsi="http://www.w3.org/2001/XMLSchema-instance">
  <Summary numSequencePoints="375" visitedSequencePoints="176" numBranchPoints="170" visitedBranchPoints="97" sequenceCoverage="46.93" branchCoverage="57.06" maxCyclomaticComplexity="19" minCyclomaticComplexity="1" visitedClasses="13" numClasses="25" visitedMethods="95" numMethods="164" />
  <Modules>
    <Module skippedDueTo="Filter" hash="78-86-CA-91-BC-E9-44-44-8A-FE-35-6A-EA-51-55-5A-F6-5A-42-46">
      <ModulePath>C:\Windows\Microsoft.Net\assembly\GAC_32\mscorlib\v4.0_4.0.0.0__b77a5c561934e089\mscorlib.dll</ModulePath>
      <ModuleTime>2015-11-05T17:36:48Z</ModuleTime>
      <ModuleName>mscorlib</ModuleName>
      <Classes />
    </Module>
    <Module skippedDueTo="MissingPdb" hash="22-08-2D-6F-91-93-4F-1E-79-9F-AB-B3-63-3D-0C-5D-0A-C8-2C-0D">
      <ModulePath>D:\Studying\III_Cource\V_Semester\CourseWork\EmployeeTimeControlSolution\packages\xunit.runner.console.2.3.1\tools\net452\xunit.console.x86.exe</ModulePath>
      <ModuleTime>2017-10-27T02:34:48Z</ModuleTime>
      <ModuleName>xunit.console.x86</ModuleName>
      <Classes />
    </Module>
    <Module skippedDueTo="MissingPdb" hash="C3-D8-3E-87-AB-33-CA-6F-66-61-A7-D7-50-2C-CF-D9-C0-D1-9D-8D">
      <ModulePath>D:\Studying\III_Cource\V_Semester\CourseWork\EmployeeTimeControlSolution\packages\xunit.runner.console.2.3.1\tools\net452\xunit.runner.utility.net452.dll</ModulePath>
      <ModuleTime>2017-10-27T02:34:48Z</ModuleTime>
      <ModuleName>xunit.runner.utility.net452</ModuleName>
      <Classes />
    </Module>
    <Module skippedDueTo="MissingPdb" hash="90-BC-BE-B1-F2-84-BE-8F-78-5C-FB-A6-E3-66-B7-C7-F8-58-AF-D1">
      <ModulePath>D:\Studying\III_Cource\V_Semester\CourseWork\EmployeeTimeControlSolution\packages\xunit.runner.console.2.3.1\tools\net452\xunit.abstractions.dll</ModulePath>
      <ModuleTime>2017-10-27T02:34:48Z</ModuleTime>
      <ModuleName>xunit.abstractions</ModuleName>
      <Classes />
    </Module>
    <Module skippedDueTo="Filter" hash="31-76-6A-81-5B-45-2B-B2-02-8C-E4-69-D2-C3-8F-87-B1-54-25-E8">
      <ModulePath>C:\Windows\Microsoft.Net\assembly\GAC_MSIL\System.Core\v4.0_4.0.0.0__b77a5c561934e089\System.Core.dll</ModulePath>
      <ModuleTime>2015-11-05T17:36:48Z</ModuleTime>
      <ModuleName>System.Core</ModuleName>
      <Classes />
    </Module>
    <Module skippedDueTo="MissingPdb" hash="AF-CB-39-96-5C-64-99-49-A5-B6-10-16-01-7E-5D-4D-D6-EC-C7-32">
      <ModulePath>D:\Studying\III_Cource\V_Semester\CourseWork\EmployeeTimeControlSolution\packages\xunit.runner.console.2.3.1\tools\net452\xunit.runner.reporters.net452.dll</ModulePath>
      <ModuleTime>2017-10-27T02:34:48Z</ModuleTime>
      <ModuleName>xunit.runner.reporters.net452</ModuleName>
      <Classes />
    </Module>
    <Module skippedDueTo="Filter" hash="89-DD-2A-3B-C0-B4-7D-15-D9-76-B9-27-55-4B-FA-41-13-70-B3-D7">
      <ModulePath>C:\Windows\Microsoft.Net\assembly\GAC_MSIL\System.Net.Http\v4.0_4.0.0.0__b03f5f7f11d50a3a\System.Net.Http.dll</ModulePath>
      <ModuleTime>2015-11-05T17:36:48Z</ModuleTime>
      <ModuleName>System.Net.Http</ModuleName>
      <Classes />
    </Module>
    <Module skippedDueTo="Filter" hash="EE-77-8B-34-FE-47-61-EA-AD-62-7D-B3-79-79-9C-B7-64-F3-12-03">
      <ModulePath>C:\Windows\Microsoft.Net\assembly\GAC_MSIL\System\v4.0_4.0.0.0__b77a5c561934e089\System.dll</ModulePath>
      <ModuleTime>2015-11-05T17:36:48Z</ModuleTime>
      <ModuleName>System</ModuleName>
      <Classes />
    </Module>
    <Module skippedDueTo="Filter" hash="65-D4-70-76-E1-CB-58-CB-08-19-3F-8F-B4-C8-14-92-BE-AC-31-C3">
      <ModulePath>C:\Windows\Microsoft.Net\assembly\GAC_32\System.Web\v4.0_4.0.0.0__b03f5f7f11d50a3a\System.Web.dll</ModulePath>
      <ModuleTime>2015-11-05T17:36:48Z</ModuleTime>
      <ModuleName>System.Web</ModuleName>
      <Classes />
    </Module>
    <Module skippedDueTo="Filter" hash="AF-FA-BA-AB-E0-9A-1F-57-7B-95-89-56-DB-AB-38-42-D9-D4-0B-B8">
      <ModulePath>C:\Windows\Microsoft.Net\assembly\GAC_MSIL\mscorlib.resources\v4.0_4.0.0.0_ru_b77a5c561934e089\mscorlib.resources.dll</ModulePath>
      <ModuleTime>2015-11-05T19:25:32Z</ModuleTime>
      <ModuleName>mscorlib.resources</ModuleName>
      <Classes />
    </Module>
    <Module skippedDueTo="Filter" hash="9C-DB-95-DC-25-D5-38-7E-C2-3A-20-8F-14-5D-A9-56-2A-D7-00-E3">
      <ModulePath>C:\Windows\Microsoft.Net\assembly\GAC_MSIL\System.Configuration\v4.0_4.0.0.0__b03f5f7f11d50a3a\System.Configuration.dll</ModulePath>
      <ModuleTime>2015-11-05T17:36:48Z</ModuleTime>
      <ModuleName>System.Configuration</ModuleName>
      <Classes />
    </Module>
    <Module skippedDueTo="Filter" hash="F7-E9-75-D6-35-98-70-4A-0F-45-76-1B-B3-83-70-38-5E-DF-02-47">
      <ModulePath>C:\Windows\Microsoft.Net\assembly\GAC_MSIL\System.Xml\v4.0_4.0.0.0__b77a5c561934e089\System.Xml.dll</ModulePath>
      <ModuleTime>2015-11-05T17:36:48Z</ModuleTime>
      <ModuleName>System.Xml</ModuleName>
      <Classes />
    </Module>
    <Module skippedDueTo="Filter" hash="68-53-17-3A-35-94-E7-F4-1C-74-36-22-12-61-37-77-EE-E2-27-85">
      <ModulePath>C:\Windows\Microsoft.Net\assembly\GAC_MSIL\System.Xml.Linq\v4.0_4.0.0.0__b77a5c561934e089\System.Xml.Linq.dll</ModulePath>
      <ModuleTime>2015-11-05T17:36:48Z</ModuleTime>
      <ModuleName>System.Xml.Linq</ModuleName>
      <Classes />
    </Module>
    <Module skippedDueTo="MissingPdb" hash="C3-D8-3E-87-AB-33-CA-6F-66-61-A7-D7-50-2C-CF-D9-C0-D1-9D-8D">
      <ModulePath>C:\Users\Acer\AppData\Local\Temp\cbd0e11a-d277-4e0b-95f5-76c307011e8c\cbd0e11a-d277-4e0b-95f5-76c307011e8c\assembly\dl3\6e0e21d8\00544828_cc4ed301\xunit.runner.utility.net452.dll</ModulePath>
      <ModuleTime>2017-12-23T07:27:34.7699718Z</ModuleTime>
      <ModuleName>xunit.runner.utility.net452</ModuleName>
      <Classes />
    </Module>
    <Module skippedDueTo="Filter" hash="31-76-6A-81-5B-45-2B-B2-02-8C-E4-69-D2-C3-8F-87-B1-54-25-E8">
      <ModulePath>C:\Windows\Microsoft.Net\assembly\GAC_MSIL\System.Core\v4.0_4.0.0.0__b77a5c561934e089\System.Core.dll</ModulePath>
      <ModuleTime>2015-11-05T17:36:48Z</ModuleTime>
      <ModuleName>System.Core</ModuleName>
      <Classes />
    </Module>
    <Module skippedDueTo="Filter" hash="EE-77-8B-34-FE-47-61-EA-AD-62-7D-B3-79-79-9C-B7-64-F3-12-03">
      <ModulePath>C:\Windows\Microsoft.Net\assembly\GAC_MSIL\System\v4.0_4.0.0.0__b77a5c561934e089\System.dll</ModulePath>
      <ModuleTime>2015-11-05T17:36:48Z</ModuleTime>
      <ModuleName>System</ModuleName>
      <Classes />
    </Module>
    <Module skippedDueTo="MissingPdb" hash="">
      <ModulePath>RefEmit_InMemoryManifestModule</ModulePath>
      <ModuleTime>0001-01-01T00:00:00</ModuleTime>
      <ModuleName>Anonymously Hosted DynamicMethods Assembly</ModuleName>
      <Classes />
    </Module>
    <Module hash="5F-42-7E-A6-F6-4C-1E-D9-C6-20-BB-E1-77-48-A6-D0-6E-FD-B4-59">
      <Summary numSequencePoints="74" visitedSequencePoints="74" numBranchPoints="15" visitedBranchPoints="13" sequenceCoverage="100" branchCoverage="86.67" maxCyclomaticComplexity="3" minCyclomaticComplexity="1" visitedClasses="5" numClasses="5" visitedMethods="11" numMethods="11" />
      <ModulePath>D:\Studying\III_Cource\V_Semester\CourseWork\EmployeeTimeControlSolution\Tests\EmployeeTimeControl.Data.Test\bin\Debug\EmployeeTimeControl.Data.Test.dll</ModulePath>
      <ModuleTime>2017-12-23T07:27:02.9801535Z</ModuleTime>
      <ModuleName>EmployeeTimeControl.Data.Test</ModuleName>
      <Files>
        <File uid="1" fullPath="D:\Studying\III_Cource\V_Semester\CourseWork\EmployeeTimeControlSolution\Tests\EmployeeTimeControl.Data.Test\AccessAttemptionTest.cs" />
        <File uid="2" fullPath="D:\Studying\III_Cource\V_Semester\CourseWork\EmployeeTimeControlSolution\Tests\EmployeeTimeControl.Data.Test\CardAccessTest.cs" />
        <File uid="4" fullPath="D:\Studying\III_Cource\V_Semester\CourseWork\EmployeeTimeControlSolution\Tests\EmployeeTimeControl.Data.Test\CardTest.cs" />
        <File uid="5" fullPath="D:\Studying\III_Cource\V_Semester\CourseWork\EmployeeTimeControlSolution\Tests\EmployeeTimeControl.Data.Test\DataTestBase.cs" />
      </Files>
      <Classes>
        <Class>
          <Summary numSequencePoints="0" visitedSequencePoints="0" numBranchPoints="0" visitedBranchPoints="0" sequenceCoverage="0" branchCoverage="0" maxCyclomaticComplexity="0" minCyclomaticComplexity="0" visitedClasses="0" numClasses="0" visitedMethods="0" numMethods="0" />
          <FullName>&lt;Module&gt;</FullName>
          <Methods />
        </Class>
        <Class>
          <Summary numSequencePoints="9" visitedSequencePoints="9" numBranchPoints="1" visitedBranchPoints="1" sequenceCoverage="100" branchCoverage="100" maxCyclomaticComplexity="1" minCyclomaticComplexity="1" visitedClasses="1" numClasses="1" visitedMethods="1" numMethods="1" />
          <FullName>EmployeeTimeControl.Data.Test.AccessAttemptionTest</FullName>
          <Methods>
            <Method visited="true" cyclomaticComplexity="1" nPathComplexity="0" sequenceCoverage="100" branchCoverage="100" isConstructor="false" isStatic="false" isGetter="false" isSetter="false">
              <Summary numSequencePoints="9" visitedSequencePoints="9" numBranchPoints="1" visitedBranchPoints="1" sequenceCoverage="100" branchCoverage="100" maxCyclomaticComplexity="1" minCyclomaticComplexity="1" visitedClasses="0" numClasses="0" visitedMethods="1" numMethods="1" />
              <MetadataToken>100663297</MetadataToken>
              <Name>System.Void EmployeeTimeControl.Data.Test.AccessAttemptionTest::AccessAttemptionNavigationPropertiesWork()</Name>
              <FileRef uid="1" />
              <SequencePoints>
                <SequencePoint vc="1" uspid="1" ordinal="0" offset="0" sl="12" sc="9" el="12" ec="10" bec="0" bev="0" fileid="1" />
                <SequencePoint vc="1" uspid="2" ordinal="1" offset="1" sl="13" sc="13" el="32" ec="15" bec="0" bev="0" fileid="1" />
                <SequencePoint vc="1" uspid="3" ordinal="2" offset="143" sl="34" sc="13" el="34" ec="86" bec="0" bev="0" fileid="1" />
                <SequencePoint vc="1" uspid="4" ordinal="3" offset="161" sl="35" sc="13" el="35" ec="78" bec="0" bev="0" fileid="1" />
                <SequencePoint vc="1" uspid="5" ordinal="4" offset="179" sl="37" sc="13" el="37" ec="125" bec="0" bev="0" fileid="1" />
                <SequencePoint vc="1" uspid="6" ordinal="5" offset="216" sl="39" sc="13" el="39" ec="46" bec="0" bev="0" fileid="1" />
                <SequencePoint vc="1" uspid="7" ordinal="6" offset="223" sl="40" sc="13" el="40" ec="59" bec="0" bev="0" fileid="1" />
                <SequencePoint vc="1" uspid="8" ordinal="7" offset="235" sl="41" sc="13" el="41" ec="51" bec="0" bev="0" fileid="1" />
                <SequencePoint vc="1" uspid="9" ordinal="8" offset="247" sl="42" sc="9" el="42" ec="10" bec="0" bev="0" fileid="1" />
              </SequencePoints>
              <BranchPoints />
              <MethodPoint xsi:type="SequencePoint" vc="1" uspid="1" ordinal="0" offset="0" sl="12" sc="9" el="12" ec="10" bec="0" bev="0" fileid="1" />
            </Method>
            <Method visited="true" cyclomaticComplexity="1" nPathComplexity="0" sequenceCoverage="0" branchCoverage="0" isConstructor="true" isStatic="false" isGetter="false" isSetter="false">
              <Summary numSequencePoints="0" visitedSequencePoints="0" numBranchPoints="0" visitedBranchPoints="0" sequenceCoverage="0" branchCoverage="0" maxCyclomaticComplexity="1" minCyclomaticComplexity="1" visitedClasses="0" numClasses="0" visitedMethods="0" numMethods="0" />
              <MetadataToken>100663298</MetadataToken>
              <Name>System.Void EmployeeTimeControl.Data.Test.AccessAttemptionTest::.ctor()</Name>
              <SequencePoints />
              <BranchPoints />
              <MethodPoint vc="1" uspid="10" ordinal="0" offset="0" />
            </Method>
          </Methods>
        </Class>
        <Class>
          <Summary numSequencePoints="23" visitedSequencePoints="23" numBranchPoints="2" visitedBranchPoints="2" sequenceCoverage="100" branchCoverage="100" maxCyclomaticComplexity="1" minCyclomaticComplexity="1" visitedClasses="1" numClasses="1" visitedMethods="2" numMethods="2" />
          <FullName>EmployeeTimeControl.Data.Test.CardAccessTest</FullName>
          <Methods>
            <Method visited="true" cyclomaticComplexity="1" nPathComplexity="0" sequenceCoverage="100" branchCoverage="100" isConstructor="false" isStatic="false" isGetter="false" isSetter="false">
              <Summary numSequencePoints="20" visitedSequencePoints="20" numBranchPoints="1" visitedBranchPoints="1" sequenceCoverage="100" branchCoverage="100" maxCyclomaticComplexity="1" minCyclomaticComplexity="1" visitedClasses="0" numClasses="0" visitedMethods="1" numMethods="1" />
              <MetadataToken>100663299</MetadataToken>
              <Name>System.Void EmployeeTimeControl.Data.Test.CardAccessTest::CardAccessNavigationPropertiesWork()</Name>
              <FileRef uid="2" />
              <SequencePoints>
                <SequencePoint vc="1" uspid="11" ordinal="0" offset="6" sl="16" sc="9" el="16" ec="10" bec="0" bev="0" fileid="2" />
                <SequencePoint vc="1" uspid="12" ordinal="1" offset="7" sl="17" sc="13" el="26" ec="15" bec="0" bev="0" fileid="2" />
                <SequencePoint vc="1" uspid="13" ordinal="2" offset="90" sl="27" sc="13" el="36" ec="15" bec="0" bev="0" fileid="2" />
                <SequencePoint vc="1" uspid="14" ordinal="3" offset="173" sl="37" sc="13" el="46" ec="15" bec="0" bev="0" fileid="2" />
                <SequencePoint vc="1" uspid="15" ordinal="4" offset="256" sl="48" sc="13" el="48" ec="84" bec="0" bev="0" fileid="2" />
                <SequencePoint vc="1" uspid="16" ordinal="5" offset="274" sl="50" sc="13" el="50" ec="73" bec="0" bev="0" fileid="2" />
                <SequencePoint vc="1" uspid="17" ordinal="6" offset="293" sl="51" sc="13" el="51" ec="73" bec="0" bev="0" fileid="2" />
                <SequencePoint vc="1" uspid="18" ordinal="7" offset="312" sl="52" sc="13" el="52" ec="73" bec="0" bev="0" fileid="2" />
                <SequencePoint vc="1" uspid="19" ordinal="8" offset="331" sl="54" sc="13" el="54" ec="124" bec="0" bev="0" fileid="2" />
                <SequencePoint vc="1" uspid="20" ordinal="9" offset="374" sl="55" sc="13" el="55" ec="124" bec="0" bev="0" fileid="2" />
                <SequencePoint vc="1" uspid="21" ordinal="10" offset="417" sl="56" sc="13" el="56" ec="78" bec="0" bev="0" fileid="2" />
                <SequencePoint vc="1" uspid="22" ordinal="11" offset="435" sl="58" sc="13" el="58" ec="97" bec="0" bev="0" fileid="2" />
                <SequencePoint vc="1" uspid="23" ordinal="12" offset="447" sl="59" sc="13" el="59" ec="43" bec="0" bev="0" fileid="2" />
                <SequencePoint vc="1" uspid="24" ordinal="13" offset="454" sl="61" sc="13" el="61" ec="72" bec="0" bev="0" fileid="2" />
                <SequencePoint vc="1" uspid="25" ordinal="14" offset="473" sl="62" sc="13" el="62" ec="72" bec="0" bev="0" fileid="2" />
                <SequencePoint vc="1" uspid="26" ordinal="15" offset="492" sl="63" sc="13" el="63" ec="73" bec="0" bev="0" fileid="2" />
                <SequencePoint vc="1" uspid="27" ordinal="16" offset="511" sl="65" sc="13" el="65" ec="105" bec="0" bev="0" fileid="2" />
                <SequencePoint vc="1" uspid="28" ordinal="17" offset="540" sl="66" sc="13" el="66" ec="105" bec="0" bev="0" fileid="2" />
                <SequencePoint vc="1" uspid="29" ordinal="18" offset="569" sl="67" sc="13" el="67" ec="106" bec="0" bev="0" fileid="2" />
                <SequencePoint vc="1" uspid="30" ordinal="19" offset="598" sl="68" sc="9" el="68" ec="10" bec="0" bev="0" fileid="2" />
              </SequencePoints>
              <BranchPoints />
              <MethodPoint vc="1" uspid="31" ordinal="0" offset="0" />
            </Method>
            <Method visited="true" cyclomaticComplexity="1" nPathComplexity="0" sequenceCoverage="100" branchCoverage="100" isConstructor="false" isStatic="false" isGetter="false" isSetter="false">
              <Summary numSequencePoints="3" visitedSequencePoints="3" numBranchPoints="1" visitedBranchPoints="1" sequenceCoverage="100" branchCoverage="100" maxCyclomaticComplexity="1" minCyclomaticComplexity="1" visitedClasses="0" numClasses="0" visitedMethods="1" numMethods="1" />
              <MetadataToken>100663300</MetadataToken>
              <Name>System.Boolean EmployeeTimeControl.Data.Test.CardAccessTest::CanIntersectPassagePoint(EmployeeTimeControl.Data.Models.Card,EmployeeTimeControl.Data.Models.PassagePoint)</Name>
              <FileRef uid="2" />
              <SequencePoints>
                <SequencePoint vc="6" uspid="32" ordinal="0" offset="20" sl="71" sc="9" el="71" ec="10" bec="0" bev="0" fileid="2" />
                <SequencePoint vc="6" uspid="33" ordinal="1" offset="21" sl="72" sc="13" el="73" ec="109" bec="0" bev="0" fileid="2" />
                <SequencePoint vc="6" uspid="34" ordinal="2" offset="235" sl="74" sc="9" el="74" ec="10" bec="0" bev="0" fileid="2" />
              </SequencePoints>
              <BranchPoints />
              <MethodPoint vc="6" uspid="35" ordinal="0" offset="0" />
            </Method>
            <Method visited="true" cyclomaticComplexity="1" nPathComplexity="0" sequenceCoverage="0" branchCoverage="0" isConstructor="true" isStatic="false" isGetter="false" isSetter="false">
              <Summary numSequencePoints="0" visitedSequencePoints="0" numBranchPoints="0" visitedBranchPoints="0" sequenceCoverage="0" branchCoverage="0" maxCyclomaticComplexity="1" minCyclomaticComplexity="1" visitedClasses="0" numClasses="0" visitedMethods="0" numMethods="0" />
              <MetadataToken>100663301</MetadataToken>
              <Name>System.Void EmployeeTimeControl.Data.Test.CardAccessTest::.ctor()</Name>
              <SequencePoints />
              <BranchPoints />
              <MethodPoint vc="1" uspid="36" ordinal="0" offset="0" />
            </Method>
          </Methods>
        </Class>
        <Class>
          <Summary numSequencePoints="3" visitedSequencePoints="3" numBranchPoints="3" visitedBranchPoints="3" sequenceCoverage="100" branchCoverage="100" maxCyclomaticComplexity="1" minCyclomaticComplexity="1" visitedClasses="1" numClasses="1" visitedMethods="3" numMethods="3" />
          <FullName>EmployeeTimeControl.Data.Test.CardAccessTest/&lt;&gt;c__DisplayClass0_0</FullName>
          <Methods>
            <Method visited="true" cyclomaticComplexity="1" nPathComplexity="0" sequenceCoverage="0" branchCoverage="0" isConstructor="true" isStatic="false" isGetter="false" isSetter="false">
              <Summary numSequencePoints="0" visitedSequencePoints="0" numBranchPoints="0" visitedBranchPoints="0" sequenceCoverage="0" branchCoverage="0" maxCyclomaticComplexity="1" minCyclomaticComplexity="1" visitedClasses="0" numClasses="0" visitedMethods="0" numMethods="0" />
              <MetadataToken>100663313</MetadataToken>
              <Name>System.Void EmployeeTimeControl.Data.Test.CardAccessTest/&lt;&gt;c__DisplayClass0_0::.ctor()</Name>
              <SequencePoints />
              <BranchPoints />
              <MethodPoint vc="1" uspid="37" ordinal="0" offset="0" />
            </Method>
            <Method visited="true" cyclomaticComplexity="1" nPathComplexity="0" sequenceCoverage="100" branchCoverage="100" isConstructor="false" isStatic="false" isGetter="false" isSetter="false">
              <Summary numSequencePoints="1" visitedSequencePoints="1" numBranchPoints="1" visitedBranchPoints="1" sequenceCoverage="100" branchCoverage="100" maxCyclomaticComplexity="1" minCyclomaticComplexity="1" visitedClasses="0" numClasses="0" visitedMethods="1" numMethods="1" />
              <MetadataToken>100663314</MetadataToken>
              <Name>System.Boolean EmployeeTimeControl.Data.Test.CardAccessTest/&lt;&gt;c__DisplayClass0_0::&lt;CardAccessNavigationPropertiesWork&gt;b__0(EmployeeTimeControl.Data.Models.CardAccess)</Name>
              <FileRef uid="2" />
              <SequencePoints>
                <SequencePoint vc="1" uspid="38" ordinal="0" offset="0" sl="65" sc="69" el="65" ec="102" bec="0" bev="0" fileid="2" />
              </SequencePoints>
              <BranchPoints />
              <MethodPoint xsi:type="SequencePoint" vc="1" uspid="38" ordinal="0" offset="0" sl="65" sc="69" el="65" ec="102" bec="0" bev="0" fileid="2" />
            </Method>
            <Method visited="true" cyclomaticComplexity="1" nPathComplexity="0" sequenceCoverage="100" branchCoverage="100" isConstructor="false" isStatic="false" isGetter="false" isSetter="false">
              <Summary numSequencePoints="1" visitedSequencePoints="1" numBranchPoints="1" visitedBranchPoints="1" sequenceCoverage="100" branchCoverage="100" maxCyclomaticComplexity="1" minCyclomaticComplexity="1" visitedClasses="0" numClasses="0" visitedMethods="1" numMethods="1" />
              <MetadataToken>100663315</MetadataToken>
              <Name>System.Boolean EmployeeTimeControl.Data.Test.CardAccessTest/&lt;&gt;c__DisplayClass0_0::&lt;CardAccessNavigationPropertiesWork&gt;b__1(EmployeeTimeControl.Data.Models.CardAccess)</Name>
              <FileRef uid="2" />
              <SequencePoints>
                <SequencePoint vc="2" uspid="39" ordinal="0" offset="0" sl="66" sc="69" el="66" ec="102" bec="0" bev="0" fileid="2" />
              </SequencePoints>
              <BranchPoints />
              <MethodPoint xsi:type="SequencePoint" vc="2" uspid="39" ordinal="0" offset="0" sl="66" sc="69" el="66" ec="102" bec="0" bev="0" fileid="2" />
            </Method>
            <Method visited="true" cyclomaticComplexity="1" nPathComplexity="0" sequenceCoverage="100" branchCoverage="100" isConstructor="false" isStatic="false" isGetter="false" isSetter="false">
              <Summary numSequencePoints="1" visitedSequencePoints="1" numBranchPoints="1" visitedBranchPoints="1" sequenceCoverage="100" branchCoverage="100" maxCyclomaticComplexity="1" minCyclomaticComplexity="1" visitedClasses="0" numClasses="0" visitedMethods="1" numMethods="1" />
              <MetadataToken>100663316</MetadataToken>
              <Name>System.Boolean EmployeeTimeControl.Data.Test.CardAccessTest/&lt;&gt;c__DisplayClass0_0::&lt;CardAccessNavigationPropertiesWork&gt;b__2(EmployeeTimeControl.Data.Models.CardAccess)</Name>
              <FileRef uid="2" />
              <SequencePoints>
                <SequencePoint vc="2" uspid="40" ordinal="0" offset="0" sl="67" sc="70" el="67" ec="103" bec="0" bev="0" fileid="2" />
              </SequencePoints>
              <BranchPoints />
              <MethodPoint xsi:type="SequencePoint" vc="2" uspid="40" ordinal="0" offset="0" sl="67" sc="70" el="67" ec="103" bec="0" bev="0" fileid="2" />
            </Method>
          </Methods>
        </Class>
        <Class>
          <Summary numSequencePoints="0" visitedSequencePoints="0" numBranchPoints="0" visitedBranchPoints="0" sequenceCoverage="0" branchCoverage="0" maxCyclomaticComplexity="1" minCyclomaticComplexity="1" visitedClasses="0" numClasses="0" visitedMethods="0" numMethods="0" />
          <FullName>EmployeeTimeControl.Data.Test.CardAccessTest/&lt;&gt;c__DisplayClass1_0</FullName>
          <Methods>
            <Method visited="true" cyclomaticComplexity="1" nPathComplexity="0" sequenceCoverage="0" branchCoverage="0" isConstructor="true" isStatic="false" isGetter="false" isSetter="false">
              <Summary numSequencePoints="0" visitedSequencePoints="0" numBranchPoints="0" visitedBranchPoints="0" sequenceCoverage="0" branchCoverage="0" maxCyclomaticComplexity="1" minCyclomaticComplexity="1" visitedClasses="0" numClasses="0" visitedMethods="0" numMethods="0" />
              <MetadataToken>100663317</MetadataToken>
              <Name>System.Void EmployeeTimeControl.Data.Test.CardAccessTest/&lt;&gt;c__DisplayClass1_0::.ctor()</Name>
              <SequencePoints />
              <BranchPoints />
              <MethodPoint vc="6" uspid="41" ordinal="0" offset="0" />
            </Method>
          </Methods>
        </Class>
        <Class>
          <Summary numSequencePoints="9" visitedSequencePoints="9" numBranchPoints="1" visitedBranchPoints="1" sequenceCoverage="100" branchCoverage="100" maxCyclomaticComplexity="1" minCyclomaticComplexity="1" visitedClasses="1" numClasses="1" visitedMethods="1" numMethods="1" />
          <FullName>EmployeeTimeControl.Data.Test.CardTest</FullName>
          <Methods>
            <Method visited="true" cyclomaticComplexity="1" nPathComplexity="0" sequenceCoverage="100" branchCoverage="100" isConstructor="false" isStatic="false" isGetter="false" isSetter="false">
              <Summary numSequencePoints="9" visitedSequencePoints="9" numBranchPoints="1" visitedBranchPoints="1" sequenceCoverage="100" branchCoverage="100" maxCyclomaticComplexity="1" minCyclomaticComplexity="1" visitedClasses="0" numClasses="0" visitedMethods="1" numMethods="1" />
              <MetadataToken>100663302</MetadataToken>
              <Name>System.Void EmployeeTimeControl.Data.Test.CardTest::CardNavigationPropertiesWork()</Name>
              <FileRef uid="4" />
              <SequencePoints>
                <SequencePoint vc="1" uspid="42" ordinal="0" offset="0" sl="10" sc="9" el="10" ec="10" bec="0" bev="0" fileid="4" />
                <SequencePoint vc="1" uspid="43" ordinal="1" offset="1" sl="11" sc="13" el="20" ec="15" bec="0" bev="0" fileid="4" />
                <SequencePoint vc="1" uspid="44" ordinal="2" offset="79" sl="22" sc="13" el="22" ec="62" bec="0" bev="0" fileid="4" />
                <SequencePoint vc="1" uspid="45" ordinal="3" offset="97" sl="23" sc="13" el="23" ec="78" bec="0" bev="0" fileid="4" />
                <SequencePoint vc="1" uspid="46" ordinal="4" offset="115" sl="25" sc="13" el="25" ec="77" bec="0" bev="0" fileid="4" />
                <SequencePoint vc="1" uspid="47" ordinal="5" offset="152" sl="27" sc="13" el="27" ec="34" bec="0" bev="0" fileid="4" />
                <SequencePoint vc="1" uspid="48" ordinal="6" offset="159" sl="28" sc="13" el="28" ec="43" bec="0" bev="0" fileid="4" />
                <SequencePoint vc="1" uspid="49" ordinal="7" offset="171" sl="29" sc="13" el="29" ec="66" bec="0" bev="0" fileid="4" />
                <SequencePoint vc="1" uspid="50" ordinal="8" offset="193" sl="30" sc="9" el="30" ec="10" bec="0" bev="0" fileid="4" />
              </SequencePoints>
              <BranchPoints />
              <MethodPoint xsi:type="SequencePoint" vc="1" uspid="42" ordinal="0" offset="0" sl="10" sc="9" el="10" ec="10" bec="0" bev="0" fileid="4" />
            </Method>
            <Method visited="true" cyclomaticComplexity="1" nPathComplexity="0" sequenceCoverage="0" branchCoverage="0" isConstructor="true" isStatic="false" isGetter="false" isSetter="false">
              <Summary numSequencePoints="0" visitedSequencePoints="0" numBranchPoints="0" visitedBranchPoints="0" sequenceCoverage="0" branchCoverage="0" maxCyclomaticComplexity="1" minCyclomaticComplexity="1" visitedClasses="0" numClasses="0" visitedMethods="0" numMethods="0" />
              <MetadataToken>100663303</MetadataToken>
              <Name>System.Void EmployeeTimeControl.Data.Test.CardTest::.ctor()</Name>
              <SequencePoints />
              <BranchPoints />
              <MethodPoint vc="1" uspid="51" ordinal="0" offset="0" />
            </Method>
          </Methods>
        </Class>
        <Class>
          <Summary numSequencePoints="30" visitedSequencePoints="30" numBranchPoints="8" visitedBranchPoints="6" sequenceCoverage="100" branchCoverage="75" maxCyclomaticComplexity="3" minCyclomaticComplexity="1" visitedClasses="1" numClasses="1" visitedMethods="4" numMethods="4" />
          <FullName>EmployeeTimeControl.Data.Test.DataTestBase</FullName>
          <Methods>
            <Method visited="true" cyclomaticComplexity="1" nPathComplexity="0" sequenceCoverage="100" branchCoverage="100" isConstructor="true" isStatic="false" isGetter="false" isSetter="false">
              <Summary numSequencePoints="6" visitedSequencePoints="6" numBranchPoints="1" visitedBranchPoints="1" sequenceCoverage="100" branchCoverage="100" maxCyclomaticComplexity="1" minCyclomaticComplexity="1" visitedClasses="0" numClasses="0" visitedMethods="1" numMethods="1" />
              <MetadataToken>100663304</MetadataToken>
              <Name>System.Void EmployeeTimeControl.Data.Test.DataTestBase::.ctor()</Name>
              <FileRef uid="5" />
              <SequencePoints>
                <SequencePoint vc="3" uspid="52" ordinal="0" offset="0" sl="30" sc="9" el="30" ec="44" bec="0" bev="0" fileid="5" />
                <SequencePoint vc="3" uspid="53" ordinal="1" offset="7" sl="10" sc="9" el="10" ec="30" bec="0" bev="0" fileid="5" />
                <SequencePoint vc="3" uspid="54" ordinal="2" offset="14" sl="11" sc="9" el="11" ec="10" bec="0" bev="0" fileid="5" />
                <SequencePoint vc="3" uspid="55" ordinal="3" offset="15" sl="12" sc="13" el="12" ec="99" bec="0" bev="0" fileid="5" />
                <SequencePoint vc="3" uspid="56" ordinal="4" offset="31" sl="13" sc="13" el="13" ec="29" bec="0" bev="0" fileid="5" />
                <SequencePoint vc="3" uspid="57" ordinal="5" offset="38" sl="14" sc="9" el="14" ec="10" bec="0" bev="0" fileid="5" />
              </SequencePoints>
              <BranchPoints />
              <MethodPoint xsi:type="SequencePoint" vc="3" uspid="52" ordinal="0" offset="0" sl="30" sc="9" el="30" ec="44" bec="0" bev="0" fileid="5" />
            </Method>
            <Method visited="true" cyclomaticComplexity="1" nPathComplexity="0" sequenceCoverage="100" branchCoverage="100" isConstructor="false" isStatic="false" isGetter="false" isSetter="false">
              <Summary numSequencePoints="11" visitedSequencePoints="11" numBranchPoints="1" visitedBranchPoints="1" sequenceCoverage="100" branchCoverage="100" maxCyclomaticComplexity="1" minCyclomaticComplexity="1" visitedClasses="0" numClasses="0" visitedMethods="1" numMethods="1" />
              <MetadataToken>100663305</MetadataToken>
              <Name>System.Void EmployeeTimeControl.Data.Test.DataTestBase::CleanDatabase()</Name>
              <FileRef uid="5" />
              <SequencePoints>
                <SequencePoint vc="3" uspid="58" ordinal="0" offset="0" sl="17" sc="9" el="17" ec="10" bec="0" bev="0" fileid="5" />
                <SequencePoint vc="3" uspid="59" ordinal="1" offset="1" sl="18" sc="13" el="18" ec="128" bec="0" bev="0" fileid="5" />
                <SequencePoint vc="3" uspid="60" ordinal="2" offset="29" sl="19" sc="13" el="19" ec="104" bec="0" bev="0" fileid="5" />
                <SequencePoint vc="3" uspid="61" ordinal="3" offset="57" sl="20" sc="13" el="20" ec="116" bec="0" bev="0" fileid="5" />
                <SequencePoint vc="3" uspid="62" ordinal="4" offset="85" sl="21" sc="13" el="21" ec="126" bec="0" bev="0" fileid="5" />
                <SequencePoint vc="3" uspid="63" ordinal="5" offset="113" sl="22" sc="13" el="22" ec="112" bec="0" bev="0" fileid="5" />
                <SequencePoint vc="3" uspid="64" ordinal="6" offset="141" sl="23" sc="13" el="23" ec="120" bec="0" bev="0" fileid="5" />
                <SequencePoint vc="3" uspid="65" ordinal="7" offset="169" sl="24" sc="13" el="24" ec="120" bec="0" bev="0" fileid="5" />
                <SequencePoint vc="3" uspid="66" ordinal="8" offset="197" sl="25" sc="13" el="25" ec="108" bec="0" bev="0" fileid="5" />
                <SequencePoint vc="3" uspid="67" ordinal="9" offset="225" sl="26" sc="13" el="26" ec="58" bec="0" bev="0" fileid="5" />
                <SequencePoint vc="3" uspid="68" ordinal="10" offset="237" sl="27" sc="9" el="27" ec="10" bec="0" bev="0" fileid="5" />
              </SequencePoints>
              <BranchPoints />
              <MethodPoint xsi:type="SequencePoint" vc="3" uspid="58" ordinal="0" offset="0" sl="17" sc="9" el="17" ec="10" bec="0" bev="0" fileid="5" />
            </Method>
            <Method visited="true" cyclomaticComplexity="3" nPathComplexity="4" sequenceCoverage="100" branchCoverage="60" isConstructor="false" isStatic="false" isGetter="false" isSetter="false">
              <Summary numSequencePoints="10" visitedSequencePoints="10" numBranchPoints="5" visitedBranchPoints="3" sequenceCoverage="100" branchCoverage="60" maxCyclomaticComplexity="3" minCyclomaticComplexity="3" visitedClasses="0" numClasses="0" visitedMethods="1" numMethods="1" />
              <MetadataToken>100663306</MetadataToken>
              <Name>System.Void EmployeeTimeControl.Data.Test.DataTestBase::Dispose(System.Boolean)</Name>
              <FileRef uid="5" />
              <SequencePoints>
                <SequencePoint vc="3" uspid="69" ordinal="0" offset="0" sl="33" sc="9" el="33" ec="10" bec="0" bev="0" fileid="5" />
                <SequencePoint vc="3" uspid="70" ordinal="1" offset="1" sl="34" sc="13" el="34" ec="32" bec="2" bev="1" fileid="5" />
                <SequencePoint vc="3" uspid="71" ordinal="2" offset="14" sl="35" sc="13" el="35" ec="14" bec="0" bev="0" fileid="5" />
                <SequencePoint vc="3" uspid="72" ordinal="3" offset="15" sl="36" sc="17" el="36" ec="31" bec="2" bev="1" fileid="5" />
                <SequencePoint vc="3" uspid="73" ordinal="4" offset="20" sl="37" sc="17" el="37" ec="18" bec="0" bev="0" fileid="5" />
                <SequencePoint vc="3" uspid="74" ordinal="5" offset="21" sl="38" sc="21" el="38" ec="62" bec="0" bev="0" fileid="5" />
                <SequencePoint vc="3" uspid="75" ordinal="6" offset="33" sl="39" sc="17" el="39" ec="18" bec="0" bev="0" fileid="5" />
                <SequencePoint vc="3" uspid="76" ordinal="7" offset="34" sl="41" sc="17" el="41" ec="38" bec="0" bev="0" fileid="5" />
                <SequencePoint vc="3" uspid="77" ordinal="8" offset="41" sl="42" sc="13" el="42" ec="14" bec="0" bev="0" fileid="5" />
                <SequencePoint vc="3" uspid="78" ordinal="9" offset="42" sl="43" sc="9" el="43" ec="10" bec="0" bev="0" fileid="5" />
              </SequencePoints>
              <BranchPoints>
                <BranchPoint vc="3" uspid="79" ordinal="0" offset="12" sl="34" path="0" offsetend="14" fileid="5" />
                <BranchPoint vc="0" uspid="80" ordinal="1" offset="12" sl="34" path="1" offsetend="42" fileid="5" />
                <BranchPoint vc="3" uspid="81" ordinal="2" offset="18" sl="36" path="0" offsetend="20" fileid="5" />
                <BranchPoint vc="0" uspid="82" ordinal="3" offset="18" sl="36" path="1" offsetend="34" fileid="5" />
              </BranchPoints>
              <MethodPoint xsi:type="SequencePoint" vc="3" uspid="69" ordinal="0" offset="0" sl="33" sc="9" el="33" ec="10" bec="0" bev="0" fileid="5" />
            </Method>
            <Method visited="true" cyclomaticComplexity="1" nPathComplexity="0" sequenceCoverage="100" branchCoverage="100" isConstructor="false" isStatic="false" isGetter="false" isSetter="false">
              <Summary numSequencePoints="3" visitedSequencePoints="3" numBranchPoints="1" visitedBranchPoints="1" sequenceCoverage="100" branchCoverage="100" maxCyclomaticComplexity="1" minCyclomaticComplexity="1" visitedClasses="0" numClasses="0" visitedMethods="1" numMethods="1" />
              <MetadataToken>100663307</MetadataToken>
              <Name>System.Void EmployeeTimeControl.Data.Test.DataTestBase::Dispose()</Name>
              <FileRef uid="5" />
              <SequencePoints>
                <SequencePoint vc="3" uspid="83" ordinal="0" offset="0" sl="46" sc="9" el="46" ec="10" bec="0" bev="0" fileid="5" />
                <SequencePoint vc="3" uspid="84" ordinal="1" offset="1" sl="47" sc="13" el="47" ec="27" bec="0" bev="0" fileid="5" />
                <SequencePoint vc="3" uspid="85" ordinal="2" offset="9" sl="48" sc="9" el="48" ec="10" bec="0" bev="0" fileid="5" />
              </SequencePoints>
              <BranchPoints />
              <MethodPoint xsi:type="SequencePoint" vc="3" uspid="83" ordinal="0" offset="0" sl="46" sc="9" el="46" ec="10" bec="0" bev="0" fileid="5" />
            </Method>
          </Methods>
        </Class>
        <Class>
          <Summary numSequencePoints="0" visitedSequencePoints="0" numBranchPoints="0" visitedBranchPoints="0" sequenceCoverage="0" branchCoverage="0" maxCyclomaticComplexity="1" minCyclomaticComplexity="1" visitedClasses="0" numClasses="0" visitedMethods="0" numMethods="0" />
          <FullName>EmployeeTimeControl.Data.Test.DayOffTest</FullName>
          <Methods>
            <Method visited="false" cyclomaticComplexity="1" nPathComplexity="0" sequenceCoverage="0" branchCoverage="0" isConstructor="true" isStatic="false" isGetter="false" isSetter="false">
              <Summary numSequencePoints="0" visitedSequencePoints="0" numBranchPoints="0" visitedBranchPoints="0" sequenceCoverage="0" branchCoverage="0" maxCyclomaticComplexity="1" minCyclomaticComplexity="1" visitedClasses="0" numClasses="0" visitedMethods="0" numMethods="0" />
              <MetadataToken>100663308</MetadataToken>
              <Name>System.Void EmployeeTimeControl.Data.Test.DayOffTest::.ctor()</Name>
              <SequencePoints />
              <BranchPoints />
              <MethodPoint vc="0" uspid="86" ordinal="0" offset="0" />
            </Method>
          </Methods>
        </Class>
        <Class>
          <Summary numSequencePoints="0" visitedSequencePoints="0" numBranchPoints="0" visitedBranchPoints="0" sequenceCoverage="0" branchCoverage="0" maxCyclomaticComplexity="1" minCyclomaticComplexity="1" visitedClasses="0" numClasses="0" visitedMethods="0" numMethods="0" />
          <FullName>EmployeeTimeControl.Data.Test.DayVisitingRuleTest</FullName>
          <Methods>
            <Method visited="false" cyclomaticComplexity="1" nPathComplexity="0" sequenceCoverage="0" branchCoverage="0" isConstructor="true" isStatic="false" isGetter="false" isSetter="false">
              <Summary numSequencePoints="0" visitedSequencePoints="0" numBranchPoints="0" visitedBranchPoints="0" sequenceCoverage="0" branchCoverage="0" maxCyclomaticComplexity="1" minCyclomaticComplexity="1" visitedClasses="0" numClasses="0" visitedMethods="0" numMethods="0" />
              <MetadataToken>100663309</MetadataToken>
              <Name>System.Void EmployeeTimeControl.Data.Test.DayVisitingRuleTest::.ctor()</Name>
              <SequencePoints />
              <BranchPoints />
              <MethodPoint vc="0" uspid="87" ordinal="0" offset="0" />
            </Method>
          </Methods>
        </Class>
        <Class>
          <Summary numSequencePoints="0" visitedSequencePoints="0" numBranchPoints="0" visitedBranchPoints="0" sequenceCoverage="0" branchCoverage="0" maxCyclomaticComplexity="1" minCyclomaticComplexity="1" visitedClasses="0" numClasses="0" visitedMethods="0" numMethods="0" />
          <FullName>EmployeeTimeControl.Data.Test.EmployeeTest</FullName>
          <Methods>
            <Method visited="false" cyclomaticComplexity="1" nPathComplexity="0" sequenceCoverage="0" branchCoverage="0" isConstructor="true" isStatic="false" isGetter="false" isSetter="false">
              <Summary numSequencePoints="0" visitedSequencePoints="0" numBranchPoints="0" visitedBranchPoints="0" sequenceCoverage="0" branchCoverage="0" maxCyclomaticComplexity="1" minCyclomaticComplexity="1" visitedClasses="0" numClasses="0" visitedMethods="0" numMethods="0" />
              <MetadataToken>100663310</MetadataToken>
              <Name>System.Void EmployeeTimeControl.Data.Test.EmployeeTest::.ctor()</Name>
              <SequencePoints />
              <BranchPoints />
              <MethodPoint vc="0" uspid="88" ordinal="0" offset="0" />
            </Method>
          </Methods>
        </Class>
        <Class>
          <Summary numSequencePoints="0" visitedSequencePoints="0" numBranchPoints="0" visitedBranchPoints="0" sequenceCoverage="0" branchCoverage="0" maxCyclomaticComplexity="1" minCyclomaticComplexity="1" visitedClasses="0" numClasses="0" visitedMethods="0" numMethods="0" />
          <FullName>EmployeeTimeControl.Data.Test.PassagePointTest</FullName>
          <Methods>
            <Method visited="false" cyclomaticComplexity="1" nPathComplexity="0" sequenceCoverage="0" branchCoverage="0" isConstructor="true" isStatic="false" isGetter="false" isSetter="false">
              <Summary numSequencePoints="0" visitedSequencePoints="0" numBranchPoints="0" visitedBranchPoints="0" sequenceCoverage="0" branchCoverage="0" maxCyclomaticComplexity="1" minCyclomaticComplexity="1" visitedClasses="0" numClasses="0" visitedMethods="0" numMethods="0" />
              <MetadataToken>100663311</MetadataToken>
              <Name>System.Void EmployeeTimeControl.Data.Test.PassagePointTest::.ctor()</Name>
              <SequencePoints />
              <BranchPoints />
              <MethodPoint vc="0" uspid="89" ordinal="0" offset="0" />
            </Method>
          </Methods>
        </Class>
        <Class>
          <Summary numSequencePoints="0" visitedSequencePoints="0" numBranchPoints="0" visitedBranchPoints="0" sequenceCoverage="0" branchCoverage="0" maxCyclomaticComplexity="1" minCyclomaticComplexity="1" visitedClasses="0" numClasses="0" visitedMethods="0" numMethods="0" />
          <FullName>EmployeeTimeControl.Data.Test.VisitingRuleTest</FullName>
          <Methods>
            <Method visited="false" cyclomaticComplexity="1" nPathComplexity="0" sequenceCoverage="0" branchCoverage="0" isConstructor="true" isStatic="false" isGetter="false" isSetter="false">
              <Summary numSequencePoints="0" visitedSequencePoints="0" numBranchPoints="0" visitedBranchPoints="0" sequenceCoverage="0" branchCoverage="0" maxCyclomaticComplexity="1" minCyclomaticComplexity="1" visitedClasses="0" numClasses="0" visitedMethods="0" numMethods="0" />
              <MetadataToken>100663312</MetadataToken>
              <Name>System.Void EmployeeTimeControl.Data.Test.VisitingRuleTest::.ctor()</Name>
              <SequencePoints />
              <BranchPoints />
              <MethodPoint vc="0" uspid="90" ordinal="0" offset="0" />
            </Method>
          </Methods>
        </Class>
      </Classes>
    </Module>
    <Module skippedDueTo="MissingPdb" hash="C3-D8-3E-87-AB-33-CA-6F-66-61-A7-D7-50-2C-CF-D9-C0-D1-9D-8D">
      <ModulePath>D:\Studying\III_Cource\V_Semester\CourseWork\EmployeeTimeControlSolution\packages\xunit.runner.console.2.3.1\tools\net452\xunit.runner.utility.net452.dll</ModulePath>
      <ModuleTime>2017-10-27T02:34:48Z</ModuleTime>
      <ModuleName>xunit.runner.utility.net452</ModuleName>
      <Classes />
    </Module>
    <Module skippedDueTo="MissingPdb" hash="61-48-84-C2-D1-D5-99-D6-62-AF-99-DC-EE-36-8C-D2-C9-20-16-EB">
      <ModulePath>D:\Studying\III_Cource\V_Semester\CourseWork\EmployeeTimeControlSolution\Tests\EmployeeTimeControl.Data.Test\bin\Debug\xunit.execution.desktop.dll</ModulePath>
      <ModuleTime>2017-10-27T02:34:44Z</ModuleTime>
      <ModuleName>xunit.execution.desktop</ModuleName>
      <Classes />
    </Module>
    <Module skippedDueTo="MissingPdb" hash="51-2F-F2-32-94-DA-C0-F3-A5-F2-A6-46-6A-26-C0-33-1A-24-08-E8">
      <ModulePath>D:\Studying\III_Cource\V_Semester\CourseWork\EmployeeTimeControlSolution\Tests\EmployeeTimeControl.Data.Test\bin\Debug\xunit.abstractions.dll</ModulePath>
      <ModuleTime>2017-10-27T02:35:08Z</ModuleTime>
      <ModuleName>xunit.abstractions</ModuleName>
      <Classes />
    </Module>
    <Module skippedDueTo="Filter" hash="EE-77-8B-34-FE-47-61-EA-AD-62-7D-B3-79-79-9C-B7-64-F3-12-03">
      <ModulePath>C:\Windows\Microsoft.Net\assembly\GAC_MSIL\System\v4.0_4.0.0.0__b77a5c561934e089\System.dll</ModulePath>
      <ModuleTime>2015-11-05T17:36:48Z</ModuleTime>
      <ModuleName>System</ModuleName>
      <Classes />
    </Module>
    <Module skippedDueTo="MissingPdb" hash="7E-02-2C-90-E6-C9-70-2C-FC-98-47-42-E2-71-EB-BB-E0-74-01-82">
      <ModulePath>D:\Studying\III_Cource\V_Semester\CourseWork\EmployeeTimeControlSolution\Tests\EmployeeTimeControl.Data.Test\bin\Debug\xunit.runner.utility.net452.dll</ModulePath>
      <ModuleTime>2017-10-27T02:35:10Z</ModuleTime>
      <ModuleName>xunit.runner.utility.net452</ModuleName>
      <Classes />
    </Module>
    <Module skippedDueTo="MissingPdb" hash="22-08-2D-6F-91-93-4F-1E-79-9F-AB-B3-63-3D-0C-5D-0A-C8-2C-0D">
      <ModulePath>D:\Studying\III_Cource\V_Semester\CourseWork\EmployeeTimeControlSolution\packages\xunit.runner.console.2.3.1\tools\net452\xunit.console.x86.exe</ModulePath>
      <ModuleTime>2017-10-27T02:34:48Z</ModuleTime>
      <ModuleName>xunit.console.x86</ModuleName>
      <Classes />
    </Module>
    <Module skippedDueTo="Filter" hash="31-76-6A-81-5B-45-2B-B2-02-8C-E4-69-D2-C3-8F-87-B1-54-25-E8">
      <ModulePath>C:\Windows\Microsoft.Net\assembly\GAC_MSIL\System.Core\v4.0_4.0.0.0__b77a5c561934e089\System.Core.dll</ModulePath>
      <ModuleTime>2015-11-05T17:36:48Z</ModuleTime>
      <ModuleName>System.Core</ModuleName>
      <Classes />
    </Module>
    <Module skippedDueTo="MissingPdb" hash="A9-2D-37-71-85-86-25-78-29-7F-26-79-55-A6-E5-61-80-28-93-5F">
      <ModulePath>D:\Studying\III_Cource\V_Semester\CourseWork\EmployeeTimeControlSolution\Tests\EmployeeTimeControl.Data.Test\bin\Debug\xunit.core.dll</ModulePath>
      <ModuleTime>2017-10-27T02:34:40Z</ModuleTime>
      <ModuleName>xunit.core</ModuleName>
      <Classes />
    </Module>
    <Module skippedDueTo="Filter" hash="0F-9F-A3-39-21-7F-A6-A8-62-42-36-5D-39-6A-E3-44-A3-53-08-C2">
      <ModulePath>C:\Windows\Microsoft.Net\assembly\GAC_MSIL\System.Runtime\v4.0_4.0.0.0__b03f5f7f11d50a3a\System.Runtime.dll</ModulePath>
      <ModuleTime>2015-11-05T17:36:48Z</ModuleTime>
      <ModuleName>System.Runtime</ModuleName>
      <Classes />
    </Module>
    <Module skippedDueTo="Filter" hash="81-88-8D-26-F1-B8-6B-46-8E-CB-45-56-03-46-B8-97-A1-B0-91-EF">
      <ModulePath>C:\Windows\Microsoft.Net\assembly\GAC_MSIL\System.Threading.Tasks\v4.0_4.0.0.0__b03f5f7f11d50a3a\System.Threading.Tasks.dll</ModulePath>
      <ModuleTime>2015-11-05T17:36:48Z</ModuleTime>
      <ModuleName>System.Threading.Tasks</ModuleName>
      <Classes />
    </Module>
    <Module skippedDueTo="Filter" hash="E5-47-DF-DB-F9-44-F7-01-45-88-53-04-81-38-D1-35-A9-F1-C7-BC">
      <ModulePath>C:\Windows\Microsoft.Net\assembly\GAC_MSIL\System.Collections\v4.0_4.0.0.0__b03f5f7f11d50a3a\System.Collections.dll</ModulePath>
      <ModuleTime>2015-11-05T17:36:48Z</ModuleTime>
      <ModuleName>System.Collections</ModuleName>
      <Classes />
    </Module>
    <Module hash="B1-89-EF-A5-D3-6D-86-5A-39-47-3D-12-4F-3A-4E-4E-A1-6C-91-C4">
      <Summary numSequencePoints="301" visitedSequencePoints="102" numBranchPoints="155" visitedBranchPoints="84" sequenceCoverage="33.89" branchCoverage="54.19" maxCyclomaticComplexity="19" minCyclomaticComplexity="1" visitedClasses="8" numClasses="20" visitedMethods="84" numMethods="153" />
      <ModulePath>D:\Studying\III_Cource\V_Semester\CourseWork\EmployeeTimeControlSolution\Tests\EmployeeTimeControl.Data.Test\bin\Debug\EmployeeTimeControl.Data.dll</ModulePath>
      <ModuleTime>2017-12-23T06:13:03.9852575Z</ModuleTime>
      <ModuleName>EmployeeTimeControl.Data</ModuleName>
      <Files>
        <File uid="11" fullPath="D:\Studying\III_Cource\V_Semester\CourseWork\EmployeeTimeControlSolution\Project\EmployeeTimeControl.Data\Models\AccessAttemption.cs" />
        <File uid="12" fullPath="D:\Studying\III_Cource\V_Semester\CourseWork\EmployeeTimeControlSolution\Project\EmployeeTimeControl.Data\Models\Card.cs" />
        <File uid="13" fullPath="D:\Studying\III_Cource\V_Semester\CourseWork\EmployeeTimeControlSolution\Project\EmployeeTimeControl.Data\Models\CardAccess.cs" />
        <File uid="14" fullPath="D:\Studying\III_Cource\V_Semester\CourseWork\EmployeeTimeControlSolution\Project\EmployeeTimeControl.Data\Models\DayOff.cs" />
        <File uid="15" fullPath="D:\Studying\III_Cource\V_Semester\CourseWork\EmployeeTimeControlSolution\Project\EmployeeTimeControl.Data\Models\DayVisitingRule.cs" />
        <File uid="16" fullPath="D:\Studying\III_Cource\V_Semester\CourseWork\EmployeeTimeControlSolution\Project\EmployeeTimeControl.Data\Models\Employee.cs" />
        <File uid="17" fullPath="D:\Studying\III_Cource\V_Semester\CourseWork\EmployeeTimeControlSolution\Project\EmployeeTimeControl.Data\Models\PassagePoint.cs" />
        <File uid="18" fullPath="D:\Studying\III_Cource\V_Semester\CourseWork\EmployeeTimeControlSolution\Project\EmployeeTimeControl.Data\Models\VisitingRule.cs" />
        <File uid="19" fullPath="D:\Studying\III_Cource\V_Semester\CourseWork\EmployeeTimeControlSolution\Project\EmployeeTimeControl.Data\Migrations\201712221431039_Initial.cs" />
        <File uid="20" fullPath="D:\Studying\III_Cource\V_Semester\CourseWork\EmployeeTimeControlSolution\Project\EmployeeTimeControl.Data\Migrations\201712221431039_Initial.Designer.cs" />
        <File uid="22" fullPath="D:\Studying\III_Cource\V_Semester\CourseWork\EmployeeTimeControlSolution\Project\EmployeeTimeControl.Data\Migrations\201712221435113_AddDayOff.cs" />
        <File uid="23" fullPath="D:\Studying\III_Cource\V_Semester\CourseWork\EmployeeTimeControlSolution\Project\EmployeeTimeControl.Data\Migrations\201712221435113_AddDayOff.Designer.cs" />
        <File uid="25" fullPath="D:\Studying\III_Cource\V_Semester\CourseWork\EmployeeTimeControlSolution\Project\EmployeeTimeControl.Data\Migrations\201712221436273_AddJobTitle.cs" />
        <File uid="26" fullPath="D:\Studying\III_Cource\V_Semester\CourseWork\EmployeeTimeControlSolution\Project\EmployeeTimeControl.Data\Migrations\201712221436273_AddJobTitle.Designer.cs" />
        <File uid="28" fullPath="D:\Studying\III_Cource\V_Semester\CourseWork\EmployeeTimeControlSolution\Project\EmployeeTimeControl.Data\Migrations\201712221441461_ChangeTypeToTimeOnDayVisitingRule.cs" />
        <File uid="29" fullPath="D:\Studying\III_Cource\V_Semester\CourseWork\EmployeeTimeControlSolution\Project\EmployeeTimeControl.Data\Migrations\201712221441461_ChangeTypeToTimeOnDayVisitingRule.Designer.cs" />
        <File uid="31" fullPath="D:\Studying\III_Cource\V_Semester\CourseWork\EmployeeTimeControlSolution\Project\EmployeeTimeControl.Data\Migrations\201712221523478_AddEmployeeToDayOff.cs" />
        <File uid="32" fullPath="D:\Studying\III_Cource\V_Semester\CourseWork\EmployeeTimeControlSolution\Project\EmployeeTimeControl.Data\Migrations\201712221523478_AddEmployeeToDayOff.Designer.cs" />
        <File uid="34" fullPath="D:\Studying\III_Cource\V_Semester\CourseWork\EmployeeTimeControlSolution\Project\EmployeeTimeControl.Data\Migrations\Configuration.cs" />
        <File uid="35" fullPath="D:\Studying\III_Cource\V_Semester\CourseWork\EmployeeTimeControlSolution\Project\EmployeeTimeControl.Data\AccessLayer\EmployeeTimeControlDataContext.cs" />
      </Files>
      <Classes>
        <Class>
          <Summary numSequencePoints="0" visitedSequencePoints="0" numBranchPoints="0" visitedBranchPoints="0" sequenceCoverage="0" branchCoverage="0" maxCyclomaticComplexity="0" minCyclomaticComplexity="0" visitedClasses="0" numClasses="0" visitedMethods="0" numMethods="0" />
          <FullName>&lt;Module&gt;</FullName>
          <Methods />
        </Class>
        <Class>
          <Summary numSequencePoints="0" visitedSequencePoints="0" numBranchPoints="0" visitedBranchPoints="0" sequenceCoverage="0" branchCoverage="0" maxCyclomaticComplexity="19" minCyclomaticComplexity="1" visitedClasses="0" numClasses="0" visitedMethods="0" numMethods="0" />
          <FullName>&lt;&gt;f__AnonymousType0`6</FullName>
          <Methods>
            <Method visited="false" cyclomaticComplexity="1" nPathComplexity="0" sequenceCoverage="0" branchCoverage="0" isConstructor="false" isStatic="false" isGetter="true" isSetter="false">
              <Summary numSequencePoints="0" visitedSequencePoints="0" numBranchPoints="0" visitedBranchPoints="0" sequenceCoverage="0" branchCoverage="0" maxCyclomaticComplexity="1" minCyclomaticComplexity="1" visitedClasses="0" numClasses="0" visitedMethods="0" numMethods="0" />
              <MetadataToken>100663297</MetadataToken>
              <Name>&lt;AccessAttemptionId&gt;j__TPar &lt;&gt;f__AnonymousType0`6::get_AccessAttemptionId()</Name>
              <SequencePoints />
              <BranchPoints />
              <MethodPoint vc="0" uspid="91" ordinal="0" offset="0" />
            </Method>
            <Method visited="false" cyclomaticComplexity="1" nPathComplexity="0" sequenceCoverage="0" branchCoverage="0" isConstructor="false" isStatic="false" isGetter="true" isSetter="false">
              <Summary numSequencePoints="0" visitedSequencePoints="0" numBranchPoints="0" visitedBranchPoints="0" sequenceCoverage="0" branchCoverage="0" maxCyclomaticComplexity="1" minCyclomaticComplexity="1" visitedClasses="0" numClasses="0" visitedMethods="0" numMethods="0" />
              <MetadataToken>100663298</MetadataToken>
              <Name>&lt;CardId&gt;j__TPar &lt;&gt;f__AnonymousType0`6::get_CardId()</Name>
              <SequencePoints />
              <BranchPoints />
              <MethodPoint vc="0" uspid="92" ordinal="0" offset="0" />
            </Method>
            <Method visited="false" cyclomaticComplexity="1" nPathComplexity="0" sequenceCoverage="0" branchCoverage="0" isConstructor="false" isStatic="false" isGetter="true" isSetter="false">
              <Summary numSequencePoints="0" visitedSequencePoints="0" numBranchPoints="0" visitedBranchPoints="0" sequenceCoverage="0" branchCoverage="0" maxCyclomaticComplexity="1" minCyclomaticComplexity="1" visitedClasses="0" numClasses="0" visitedMethods="0" numMethods="0" />
              <MetadataToken>100663299</MetadataToken>
              <Name>&lt;PassagePointId&gt;j__TPar &lt;&gt;f__AnonymousType0`6::get_PassagePointId()</Name>
              <SequencePoints />
              <BranchPoints />
              <MethodPoint vc="0" uspid="93" ordinal="0" offset="0" />
            </Method>
            <Method visited="false" cyclomaticComplexity="1" nPathComplexity="0" sequenceCoverage="0" branchCoverage="0" isConstructor="false" isStatic="false" isGetter="true" isSetter="false">
              <Summary numSequencePoints="0" visitedSequencePoints="0" numBranchPoints="0" visitedBranchPoints="0" sequenceCoverage="0" branchCoverage="0" maxCyclomaticComplexity="1" minCyclomaticComplexity="1" visitedClasses="0" numClasses="0" visitedMethods="0" numMethods="0" />
              <MetadataToken>100663300</MetadataToken>
              <Name>&lt;SuccessStatus&gt;j__TPar &lt;&gt;f__AnonymousType0`6::get_SuccessStatus()</Name>
              <SequencePoints />
              <BranchPoints />
              <MethodPoint vc="0" uspid="94" ordinal="0" offset="0" />
            </Method>
            <Method visited="false" cyclomaticComplexity="1" nPathComplexity="0" sequenceCoverage="0" branchCoverage="0" isConstructor="false" isStatic="false" isGetter="true" isSetter="false">
              <Summary numSequencePoints="0" visitedSequencePoints="0" numBranchPoints="0" visitedBranchPoints="0" sequenceCoverage="0" branchCoverage="0" maxCyclomaticComplexity="1" minCyclomaticComplexity="1" visitedClasses="0" numClasses="0" visitedMethods="0" numMethods="0" />
              <MetadataToken>100663301</MetadataToken>
              <Name>&lt;IsEnter&gt;j__TPar &lt;&gt;f__AnonymousType0`6::get_IsEnter()</Name>
              <SequencePoints />
              <BranchPoints />
              <MethodPoint vc="0" uspid="95" ordinal="0" offset="0" />
            </Method>
            <Method visited="false" cyclomaticComplexity="1" nPathComplexity="0" sequenceCoverage="0" branchCoverage="0" isConstructor="false" isStatic="false" isGetter="true" isSetter="false">
              <Summary numSequencePoints="0" visitedSequencePoints="0" numBranchPoints="0" visitedBranchPoints="0" sequenceCoverage="0" branchCoverage="0" maxCyclomaticComplexity="1" minCyclomaticComplexity="1" visitedClasses="0" numClasses="0" visitedMethods="0" numMethods="0" />
              <MetadataToken>100663302</MetadataToken>
              <Name>&lt;AttemptionTime&gt;j__TPar &lt;&gt;f__AnonymousType0`6::get_AttemptionTime()</Name>
              <SequencePoints />
              <BranchPoints />
              <MethodPoint vc="0" uspid="96" ordinal="0" offset="0" />
            </Method>
            <Method visited="false" cyclomaticComplexity="1" nPathComplexity="0" sequenceCoverage="0" branchCoverage="0" isConstructor="true" isStatic="false" isGetter="false" isSetter="false">
              <Summary numSequencePoints="0" visitedSequencePoints="0" numBranchPoints="0" visitedBranchPoints="0" sequenceCoverage="0" branchCoverage="0" maxCyclomaticComplexity="1" minCyclomaticComplexity="1" visitedClasses="0" numClasses="0" visitedMethods="0" numMethods="0" />
              <MetadataToken>100663303</MetadataToken>
              <Name>System.Void &lt;&gt;f__AnonymousType0`6::.ctor(&lt;AccessAttemptionId&gt;j__TPar,&lt;CardId&gt;j__TPar,&lt;PassagePointId&gt;j__TPar,&lt;SuccessStatus&gt;j__TPar,&lt;IsEnter&gt;j__TPar,&lt;AttemptionTime&gt;j__TPar)</Name>
              <SequencePoints />
              <BranchPoints />
              <MethodPoint vc="0" uspid="97" ordinal="0" offset="0" />
            </Method>
            <Method visited="false" cyclomaticComplexity="7" nPathComplexity="0" sequenceCoverage="0" branchCoverage="0" isConstructor="false" isStatic="false" isGetter="false" isSetter="false">
              <Summary numSequencePoints="0" visitedSequencePoints="0" numBranchPoints="0" visitedBranchPoints="0" sequenceCoverage="0" branchCoverage="0" maxCyclomaticComplexity="7" minCyclomaticComplexity="7" visitedClasses="0" numClasses="0" visitedMethods="0" numMethods="0" />
              <MetadataToken>100663304</MetadataToken>
              <Name>System.Boolean &lt;&gt;f__AnonymousType0`6::Equals(System.Object)</Name>
              <SequencePoints />
              <BranchPoints />
              <MethodPoint vc="0" uspid="98" ordinal="0" offset="0" />
            </Method>
            <Method visited="false" cyclomaticComplexity="1" nPathComplexity="0" sequenceCoverage="0" branchCoverage="0" isConstructor="false" isStatic="false" isGetter="false" isSetter="false">
              <Summary numSequencePoints="0" visitedSequencePoints="0" numBranchPoints="0" visitedBranchPoints="0" sequenceCoverage="0" branchCoverage="0" maxCyclomaticComplexity="1" minCyclomaticComplexity="1" visitedClasses="0" numClasses="0" visitedMethods="0" numMethods="0" />
              <MetadataToken>100663305</MetadataToken>
              <Name>System.Int32 &lt;&gt;f__AnonymousType0`6::GetHashCode()</Name>
              <SequencePoints />
              <BranchPoints />
              <MethodPoint vc="0" uspid="99" ordinal="0" offset="0" />
            </Method>
            <Method visited="false" cyclomaticComplexity="19" nPathComplexity="0" sequenceCoverage="0" branchCoverage="0" isConstructor="false" isStatic="false" isGetter="false" isSetter="false">
              <Summary numSequencePoints="0" visitedSequencePoints="0" numBranchPoints="0" visitedBranchPoints="0" sequenceCoverage="0" branchCoverage="0" maxCyclomaticComplexity="19" minCyclomaticComplexity="19" visitedClasses="0" numClasses="0" visitedMethods="0" numMethods="0" />
              <MetadataToken>100663306</MetadataToken>
              <Name>System.String &lt;&gt;f__AnonymousType0`6::ToString()</Name>
              <SequencePoints />
              <BranchPoints />
              <MethodPoint vc="0" uspid="100" ordinal="0" offset="0" />
            </Method>
          </Methods>
        </Class>
        <Class>
          <Summary numSequencePoints="0" visitedSequencePoints="0" numBranchPoints="0" visitedBranchPoints="0" sequenceCoverage="0" branchCoverage="0" maxCyclomaticComplexity="7" minCyclomaticComplexity="1" visitedClasses="0" numClasses="0" visitedMethods="0" numMethods="0" />
          <FullName>&lt;&gt;f__AnonymousType1`2</FullName>
          <Methods>
            <Method visited="false" cyclomaticComplexity="1" nPathComplexity="0" sequenceCoverage="0" branchCoverage="0" isConstructor="false" isStatic="false" isGetter="true" isSetter="false">
              <Summary numSequencePoints="0" visitedSequencePoints="0" numBranchPoints="0" visitedBranchPoints="0" sequenceCoverage="0" branchCoverage="0" maxCyclomaticComplexity="1" minCyclomaticComplexity="1" visitedClasses="0" numClasses="0" visitedMethods="0" numMethods="0" />
              <MetadataToken>100663307</MetadataToken>
              <Name>&lt;CardId&gt;j__TPar &lt;&gt;f__AnonymousType1`2::get_CardId()</Name>
              <SequencePoints />
              <BranchPoints />
              <MethodPoint vc="0" uspid="101" ordinal="0" offset="0" />
            </Method>
            <Method visited="false" cyclomaticComplexity="1" nPathComplexity="0" sequenceCoverage="0" branchCoverage="0" isConstructor="false" isStatic="false" isGetter="true" isSetter="false">
              <Summary numSequencePoints="0" visitedSequencePoints="0" numBranchPoints="0" visitedBranchPoints="0" sequenceCoverage="0" branchCoverage="0" maxCyclomaticComplexity="1" minCyclomaticComplexity="1" visitedClasses="0" numClasses="0" visitedMethods="0" numMethods="0" />
              <MetadataToken>100663308</MetadataToken>
              <Name>&lt;EmployeeId&gt;j__TPar &lt;&gt;f__AnonymousType1`2::get_EmployeeId()</Name>
              <SequencePoints />
              <BranchPoints />
              <MethodPoint vc="0" uspid="102" ordinal="0" offset="0" />
            </Method>
            <Method visited="false" cyclomaticComplexity="1" nPathComplexity="0" sequenceCoverage="0" branchCoverage="0" isConstructor="true" isStatic="false" isGetter="false" isSetter="false">
              <Summary numSequencePoints="0" visitedSequencePoints="0" numBranchPoints="0" visitedBranchPoints="0" sequenceCoverage="0" branchCoverage="0" maxCyclomaticComplexity="1" minCyclomaticComplexity="1" visitedClasses="0" numClasses="0" visitedMethods="0" numMethods="0" />
              <MetadataToken>100663309</MetadataToken>
              <Name>System.Void &lt;&gt;f__AnonymousType1`2::.ctor(&lt;CardId&gt;j__TPar,&lt;EmployeeId&gt;j__TPar)</Name>
              <SequencePoints />
              <BranchPoints />
              <MethodPoint vc="0" uspid="103" ordinal="0" offset="0" />
            </Method>
            <Method visited="false" cyclomaticComplexity="3" nPathComplexity="0" sequenceCoverage="0" branchCoverage="0" isConstructor="false" isStatic="false" isGetter="false" isSetter="false">
              <Summary numSequencePoints="0" visitedSequencePoints="0" numBranchPoints="0" visitedBranchPoints="0" sequenceCoverage="0" branchCoverage="0" maxCyclomaticComplexity="3" minCyclomaticComplexity="3" visitedClasses="0" numClasses="0" visitedMethods="0" numMethods="0" />
              <MetadataToken>100663310</MetadataToken>
              <Name>System.Boolean &lt;&gt;f__AnonymousType1`2::Equals(System.Object)</Name>
              <SequencePoints />
              <BranchPoints />
              <MethodPoint vc="0" uspid="104" ordinal="0" offset="0" />
            </Method>
            <Method visited="false" cyclomaticComplexity="1" nPathComplexity="0" sequenceCoverage="0" branchCoverage="0" isConstructor="false" isStatic="false" isGetter="false" isSetter="false">
              <Summary numSequencePoints="0" visitedSequencePoints="0" numBranchPoints="0" visitedBranchPoints="0" sequenceCoverage="0" branchCoverage="0" maxCyclomaticComplexity="1" minCyclomaticComplexity="1" visitedClasses="0" numClasses="0" visitedMethods="0" numMethods="0" />
              <MetadataToken>100663311</MetadataToken>
              <Name>System.Int32 &lt;&gt;f__AnonymousType1`2::GetHashCode()</Name>
              <SequencePoints />
              <BranchPoints />
              <MethodPoint vc="0" uspid="105" ordinal="0" offset="0" />
            </Method>
            <Method visited="false" cyclomaticComplexity="7" nPathComplexity="0" sequenceCoverage="0" branchCoverage="0" isConstructor="false" isStatic="false" isGetter="false" isSetter="false">
              <Summary numSequencePoints="0" visitedSequencePoints="0" numBranchPoints="0" visitedBranchPoints="0" sequenceCoverage="0" branchCoverage="0" maxCyclomaticComplexity="7" minCyclomaticComplexity="7" visitedClasses="0" numClasses="0" visitedMethods="0" numMethods="0" />
              <MetadataToken>100663312</MetadataToken>
              <Name>System.String &lt;&gt;f__AnonymousType1`2::ToString()</Name>
              <SequencePoints />
              <BranchPoints />
              <MethodPoint vc="0" uspid="106" ordinal="0" offset="0" />
            </Method>
          </Methods>
        </Class>
        <Class>
          <Summary numSequencePoints="0" visitedSequencePoints="0" numBranchPoints="0" visitedBranchPoints="0" sequenceCoverage="0" branchCoverage="0" maxCyclomaticComplexity="10" minCyclomaticComplexity="1" visitedClasses="0" numClasses="0" visitedMethods="0" numMethods="0" />
          <FullName>&lt;&gt;f__AnonymousType2`3</FullName>
          <Methods>
            <Method visited="false" cyclomaticComplexity="1" nPathComplexity="0" sequenceCoverage="0" branchCoverage="0" isConstructor="false" isStatic="false" isGetter="true" isSetter="false">
              <Summary numSequencePoints="0" visitedSequencePoints="0" numBranchPoints="0" visitedBranchPoints="0" sequenceCoverage="0" branchCoverage="0" maxCyclomaticComplexity="1" minCyclomaticComplexity="1" visitedClasses="0" numClasses="0" visitedMethods="0" numMethods="0" />
              <MetadataToken>100663313</MetadataToken>
              <Name>&lt;CardAccessId&gt;j__TPar &lt;&gt;f__AnonymousType2`3::get_CardAccessId()</Name>
              <SequencePoints />
              <BranchPoints />
              <MethodPoint vc="0" uspid="107" ordinal="0" offset="0" />
            </Method>
            <Method visited="false" cyclomaticComplexity="1" nPathComplexity="0" sequenceCoverage="0" branchCoverage="0" isConstructor="false" isStatic="false" isGetter="true" isSetter="false">
              <Summary numSequencePoints="0" visitedSequencePoints="0" numBranchPoints="0" visitedBranchPoints="0" sequenceCoverage="0" branchCoverage="0" maxCyclomaticComplexity="1" minCyclomaticComplexity="1" visitedClasses="0" numClasses="0" visitedMethods="0" numMethods="0" />
              <MetadataToken>100663314</MetadataToken>
              <Name>&lt;CardId&gt;j__TPar &lt;&gt;f__AnonymousType2`3::get_CardId()</Name>
              <SequencePoints />
              <BranchPoints />
              <MethodPoint vc="0" uspid="108" ordinal="0" offset="0" />
            </Method>
            <Method visited="false" cyclomaticComplexity="1" nPathComplexity="0" sequenceCoverage="0" branchCoverage="0" isConstructor="false" isStatic="false" isGetter="true" isSetter="false">
              <Summary numSequencePoints="0" visitedSequencePoints="0" numBranchPoints="0" visitedBranchPoints="0" sequenceCoverage="0" branchCoverage="0" maxCyclomaticComplexity="1" minCyclomaticComplexity="1" visitedClasses="0" numClasses="0" visitedMethods="0" numMethods="0" />
              <MetadataToken>100663315</MetadataToken>
              <Name>&lt;PassagePointId&gt;j__TPar &lt;&gt;f__AnonymousType2`3::get_PassagePointId()</Name>
              <SequencePoints />
              <BranchPoints />
              <MethodPoint vc="0" uspid="109" ordinal="0" offset="0" />
            </Method>
            <Method visited="false" cyclomaticComplexity="1" nPathComplexity="0" sequenceCoverage="0" branchCoverage="0" isConstructor="true" isStatic="false" isGetter="false" isSetter="false">
              <Summary numSequencePoints="0" visitedSequencePoints="0" numBranchPoints="0" visitedBranchPoints="0" sequenceCoverage="0" branchCoverage="0" maxCyclomaticComplexity="1" minCyclomaticComplexity="1" visitedClasses="0" numClasses="0" visitedMethods="0" numMethods="0" />
              <MetadataToken>100663316</MetadataToken>
              <Name>System.Void &lt;&gt;f__AnonymousType2`3::.ctor(&lt;CardAccessId&gt;j__TPar,&lt;CardId&gt;j__TPar,&lt;PassagePointId&gt;j__TPar)</Name>
              <SequencePoints />
              <BranchPoints />
              <MethodPoint vc="0" uspid="110" ordinal="0" offset="0" />
            </Method>
            <Method visited="false" cyclomaticComplexity="4" nPathComplexity="0" sequenceCoverage="0" branchCoverage="0" isConstructor="false" isStatic="false" isGetter="false" isSetter="false">
              <Summary numSequencePoints="0" visitedSequencePoints="0" numBranchPoints="0" visitedBranchPoints="0" sequenceCoverage="0" branchCoverage="0" maxCyclomaticComplexity="4" minCyclomaticComplexity="4" visitedClasses="0" numClasses="0" visitedMethods="0" numMethods="0" />
              <MetadataToken>100663317</MetadataToken>
              <Name>System.Boolean &lt;&gt;f__AnonymousType2`3::Equals(System.Object)</Name>
              <SequencePoints />
              <BranchPoints />
              <MethodPoint vc="0" uspid="111" ordinal="0" offset="0" />
            </Method>
            <Method visited="false" cyclomaticComplexity="1" nPathComplexity="0" sequenceCoverage="0" branchCoverage="0" isConstructor="false" isStatic="false" isGetter="false" isSetter="false">
              <Summary numSequencePoints="0" visitedSequencePoints="0" numBranchPoints="0" visitedBranchPoints="0" sequenceCoverage="0" branchCoverage="0" maxCyclomaticComplexity="1" minCyclomaticComplexity="1" visitedClasses="0" numClasses="0" visitedMethods="0" numMethods="0" />
              <MetadataToken>100663318</MetadataToken>
              <Name>System.Int32 &lt;&gt;f__AnonymousType2`3::GetHashCode()</Name>
              <SequencePoints />
              <BranchPoints />
              <MethodPoint vc="0" uspid="112" ordinal="0" offset="0" />
            </Method>
            <Method visited="false" cyclomaticComplexity="10" nPathComplexity="0" sequenceCoverage="0" branchCoverage="0" isConstructor="false" isStatic="false" isGetter="false" isSetter="false">
              <Summary numSequencePoints="0" visitedSequencePoints="0" numBranchPoints="0" visitedBranchPoints="0" sequenceCoverage="0" branchCoverage="0" maxCyclomaticComplexity="10" minCyclomaticComplexity="10" visitedClasses="0" numClasses="0" visitedMethods="0" numMethods="0" />
              <MetadataToken>100663319</MetadataToken>
              <Name>System.String &lt;&gt;f__AnonymousType2`3::ToString()</Name>
              <SequencePoints />
              <BranchPoints />
              <MethodPoint vc="0" uspid="113" ordinal="0" offset="0" />
            </Method>
          </Methods>
        </Class>
        <Class>
          <Summary numSequencePoints="0" visitedSequencePoints="0" numBranchPoints="0" visitedBranchPoints="0" sequenceCoverage="0" branchCoverage="0" maxCyclomaticComplexity="7" minCyclomaticComplexity="1" visitedClasses="0" numClasses="0" visitedMethods="0" numMethods="0" />
          <FullName>&lt;&gt;f__AnonymousType3`2</FullName>
          <Methods>
            <Method visited="false" cyclomaticComplexity="1" nPathComplexity="0" sequenceCoverage="0" branchCoverage="0" isConstructor="false" isStatic="false" isGetter="true" isSetter="false">
              <Summary numSequencePoints="0" visitedSequencePoints="0" numBranchPoints="0" visitedBranchPoints="0" sequenceCoverage="0" branchCoverage="0" maxCyclomaticComplexity="1" minCyclomaticComplexity="1" visitedClasses="0" numClasses="0" visitedMethods="0" numMethods="0" />
              <MetadataToken>100663320</MetadataToken>
              <Name>&lt;PassagePointId&gt;j__TPar &lt;&gt;f__AnonymousType3`2::get_PassagePointId()</Name>
              <SequencePoints />
              <BranchPoints />
              <MethodPoint vc="0" uspid="114" ordinal="0" offset="0" />
            </Method>
            <Method visited="false" cyclomaticComplexity="1" nPathComplexity="0" sequenceCoverage="0" branchCoverage="0" isConstructor="false" isStatic="false" isGetter="true" isSetter="false">
              <Summary numSequencePoints="0" visitedSequencePoints="0" numBranchPoints="0" visitedBranchPoints="0" sequenceCoverage="0" branchCoverage="0" maxCyclomaticComplexity="1" minCyclomaticComplexity="1" visitedClasses="0" numClasses="0" visitedMethods="0" numMethods="0" />
              <MetadataToken>100663321</MetadataToken>
              <Name>&lt;Address&gt;j__TPar &lt;&gt;f__AnonymousType3`2::get_Address()</Name>
              <SequencePoints />
              <BranchPoints />
              <MethodPoint vc="0" uspid="115" ordinal="0" offset="0" />
            </Method>
            <Method visited="false" cyclomaticComplexity="1" nPathComplexity="0" sequenceCoverage="0" branchCoverage="0" isConstructor="true" isStatic="false" isGetter="false" isSetter="false">
              <Summary numSequencePoints="0" visitedSequencePoints="0" numBranchPoints="0" visitedBranchPoints="0" sequenceCoverage="0" branchCoverage="0" maxCyclomaticComplexity="1" minCyclomaticComplexity="1" visitedClasses="0" numClasses="0" visitedMethods="0" numMethods="0" />
              <MetadataToken>100663322</MetadataToken>
              <Name>System.Void &lt;&gt;f__AnonymousType3`2::.ctor(&lt;PassagePointId&gt;j__TPar,&lt;Address&gt;j__TPar)</Name>
              <SequencePoints />
              <BranchPoints />
              <MethodPoint vc="0" uspid="116" ordinal="0" offset="0" />
            </Method>
            <Method visited="false" cyclomaticComplexity="3" nPathComplexity="0" sequenceCoverage="0" branchCoverage="0" isConstructor="false" isStatic="false" isGetter="false" isSetter="false">
              <Summary numSequencePoints="0" visitedSequencePoints="0" numBranchPoints="0" visitedBranchPoints="0" sequenceCoverage="0" branchCoverage="0" maxCyclomaticComplexity="3" minCyclomaticComplexity="3" visitedClasses="0" numClasses="0" visitedMethods="0" numMethods="0" />
              <MetadataToken>100663323</MetadataToken>
              <Name>System.Boolean &lt;&gt;f__AnonymousType3`2::Equals(System.Object)</Name>
              <SequencePoints />
              <BranchPoints />
              <MethodPoint vc="0" uspid="117" ordinal="0" offset="0" />
            </Method>
            <Method visited="false" cyclomaticComplexity="1" nPathComplexity="0" sequenceCoverage="0" branchCoverage="0" isConstructor="false" isStatic="false" isGetter="false" isSetter="false">
              <Summary numSequencePoints="0" visitedSequencePoints="0" numBranchPoints="0" visitedBranchPoints="0" sequenceCoverage="0" branchCoverage="0" maxCyclomaticComplexity="1" minCyclomaticComplexity="1" visitedClasses="0" numClasses="0" visitedMethods="0" numMethods="0" />
              <MetadataToken>100663324</MetadataToken>
              <Name>System.Int32 &lt;&gt;f__AnonymousType3`2::GetHashCode()</Name>
              <SequencePoints />
              <BranchPoints />
              <MethodPoint vc="0" uspid="118" ordinal="0" offset="0" />
            </Method>
            <Method visited="false" cyclomaticComplexity="7" nPathComplexity="0" sequenceCoverage="0" branchCoverage="0" isConstructor="false" isStatic="false" isGetter="false" isSetter="false">
              <Summary numSequencePoints="0" visitedSequencePoints="0" numBranchPoints="0" visitedBranchPoints="0" sequenceCoverage="0" branchCoverage="0" maxCyclomaticComplexity="7" minCyclomaticComplexity="7" visitedClasses="0" numClasses="0" visitedMethods="0" numMethods="0" />
              <MetadataToken>100663325</MetadataToken>
              <Name>System.String &lt;&gt;f__AnonymousType3`2::ToString()</Name>
              <SequencePoints />
              <BranchPoints />
              <MethodPoint vc="0" uspid="119" ordinal="0" offset="0" />
            </Method>
          </Methods>
        </Class>
        <Class>
          <Summary numSequencePoints="0" visitedSequencePoints="0" numBranchPoints="0" visitedBranchPoints="0" sequenceCoverage="0" branchCoverage="0" maxCyclomaticComplexity="13" minCyclomaticComplexity="1" visitedClasses="0" numClasses="0" visitedMethods="0" numMethods="0" />
          <FullName>&lt;&gt;f__AnonymousType4`4</FullName>
          <Methods>
            <Method visited="false" cyclomaticComplexity="1" nPathComplexity="0" sequenceCoverage="0" branchCoverage="0" isConstructor="false" isStatic="false" isGetter="true" isSetter="false">
              <Summary numSequencePoints="0" visitedSequencePoints="0" numBranchPoints="0" visitedBranchPoints="0" sequenceCoverage="0" branchCoverage="0" maxCyclomaticComplexity="1" minCyclomaticComplexity="1" visitedClasses="0" numClasses="0" visitedMethods="0" numMethods="0" />
              <MetadataToken>100663326</MetadataToken>
              <Name>&lt;EmployeeId&gt;j__TPar &lt;&gt;f__AnonymousType4`4::get_EmployeeId()</Name>
              <SequencePoints />
              <BranchPoints />
              <MethodPoint vc="0" uspid="120" ordinal="0" offset="0" />
            </Method>
            <Method visited="false" cyclomaticComplexity="1" nPathComplexity="0" sequenceCoverage="0" branchCoverage="0" isConstructor="false" isStatic="false" isGetter="true" isSetter="false">
              <Summary numSequencePoints="0" visitedSequencePoints="0" numBranchPoints="0" visitedBranchPoints="0" sequenceCoverage="0" branchCoverage="0" maxCyclomaticComplexity="1" minCyclomaticComplexity="1" visitedClasses="0" numClasses="0" visitedMethods="0" numMethods="0" />
              <MetadataToken>100663327</MetadataToken>
              <Name>&lt;FirstName&gt;j__TPar &lt;&gt;f__AnonymousType4`4::get_FirstName()</Name>
              <SequencePoints />
              <BranchPoints />
              <MethodPoint vc="0" uspid="121" ordinal="0" offset="0" />
            </Method>
            <Method visited="false" cyclomaticComplexity="1" nPathComplexity="0" sequenceCoverage="0" branchCoverage="0" isConstructor="false" isStatic="false" isGetter="true" isSetter="false">
              <Summary numSequencePoints="0" visitedSequencePoints="0" numBranchPoints="0" visitedBranchPoints="0" sequenceCoverage="0" branchCoverage="0" maxCyclomaticComplexity="1" minCyclomaticComplexity="1" visitedClasses="0" numClasses="0" visitedMethods="0" numMethods="0" />
              <MetadataToken>100663328</MetadataToken>
              <Name>&lt;SecondName&gt;j__TPar &lt;&gt;f__AnonymousType4`4::get_SecondName()</Name>
              <SequencePoints />
              <BranchPoints />
              <MethodPoint vc="0" uspid="122" ordinal="0" offset="0" />
            </Method>
            <Method visited="false" cyclomaticComplexity="1" nPathComplexity="0" sequenceCoverage="0" branchCoverage="0" isConstructor="false" isStatic="false" isGetter="true" isSetter="false">
              <Summary numSequencePoints="0" visitedSequencePoints="0" numBranchPoints="0" visitedBranchPoints="0" sequenceCoverage="0" branchCoverage="0" maxCyclomaticComplexity="1" minCyclomaticComplexity="1" visitedClasses="0" numClasses="0" visitedMethods="0" numMethods="0" />
              <MetadataToken>100663329</MetadataToken>
              <Name>&lt;VisitingRuleId&gt;j__TPar &lt;&gt;f__AnonymousType4`4::get_VisitingRuleId()</Name>
              <SequencePoints />
              <BranchPoints />
              <MethodPoint vc="0" uspid="123" ordinal="0" offset="0" />
            </Method>
            <Method visited="false" cyclomaticComplexity="1" nPathComplexity="0" sequenceCoverage="0" branchCoverage="0" isConstructor="true" isStatic="false" isGetter="false" isSetter="false">
[...]
              <Summary numSequencePoints="1" visitedSequencePoints="1" numBranchPoints="1" visitedBranchPoints="1" sequenceCoverage="100" branchCoverage="100" maxCyclomaticComplexity="1" minCyclomaticComplexity="1" visitedClasses="0" numClasses="0" visitedMethods="1" numMethods="1" />
              <MetadataToken>100663490</MetadataToken>
              <Name>System.Data.Entity.DbSet`1&lt;EmployeeTimeControl.Data.Models.DayVisitingRule&gt; EmployeeTimeControl.Data.AccessLayer.EmployeeTimeControlDataContext::get_DayVisitingRuleSet()</Name>
              <FileRef uid="35" />
              <SequencePoints>
                <SequencePoint vc="6" uspid="483" ordinal="0" offset="0" sl="15" sc="60" el="15" ec="64" bec="0" bev="0" fileid="35" />
              </SequencePoints>
              <BranchPoints />
              <MethodPoint xsi:type="SequencePoint" vc="6" uspid="483" ordinal="0" offset="0" sl="15" sc="60" el="15" ec="64" bec="0" bev="0" fileid="35" />
            </Method>
            <Method visited="true" cyclomaticComplexity="1" nPathComplexity="0" sequenceCoverage="100" branchCoverage="100" isConstructor="false" isStatic="false" isGetter="false" isSetter="true">
              <Summary numSequencePoints="1" visitedSequencePoints="1" numBranchPoints="1" visitedBranchPoints="1" sequenceCoverage="100" branchCoverage="100" maxCyclomaticComplexity="1" minCyclomaticComplexity="1" visitedClasses="0" numClasses="0" visitedMethods="1" numMethods="1" />
              <MetadataToken>100663491</MetadataToken>
              <Name>System.Void EmployeeTimeControl.Data.AccessLayer.EmployeeTimeControlDataContext::set_DayVisitingRuleSet(System.Data.Entity.DbSet`1&lt;EmployeeTimeControl.Data.Models.DayVisitingRule&gt;)</Name>
              <FileRef uid="35" />
              <SequencePoints>
                <SequencePoint vc="3" uspid="484" ordinal="0" offset="0" sl="15" sc="65" el="15" ec="69" bec="0" bev="0" fileid="35" />
              </SequencePoints>
              <BranchPoints />
              <MethodPoint xsi:type="SequencePoint" vc="3" uspid="484" ordinal="0" offset="0" sl="15" sc="65" el="15" ec="69" bec="0" bev="0" fileid="35" />
            </Method>
            <Method visited="true" cyclomaticComplexity="1" nPathComplexity="0" sequenceCoverage="100" branchCoverage="100" isConstructor="false" isStatic="false" isGetter="true" isSetter="false">
              <Summary numSequencePoints="1" visitedSequencePoints="1" numBranchPoints="1" visitedBranchPoints="1" sequenceCoverage="100" branchCoverage="100" maxCyclomaticComplexity="1" minCyclomaticComplexity="1" visitedClasses="0" numClasses="0" visitedMethods="1" numMethods="1" />
              <MetadataToken>100663492</MetadataToken>
              <Name>System.Data.Entity.DbSet`1&lt;EmployeeTimeControl.Data.Models.Employee&gt; EmployeeTimeControl.Data.AccessLayer.EmployeeTimeControlDataContext::get_EmployeeSet()</Name>
              <FileRef uid="35" />
              <SequencePoints>
                <SequencePoint vc="6" uspid="485" ordinal="0" offset="0" sl="16" sc="46" el="16" ec="50" bec="0" bev="0" fileid="35" />
              </SequencePoints>
              <BranchPoints />
              <MethodPoint xsi:type="SequencePoint" vc="6" uspid="485" ordinal="0" offset="0" sl="16" sc="46" el="16" ec="50" bec="0" bev="0" fileid="35" />
            </Method>
            <Method visited="true" cyclomaticComplexity="1" nPathComplexity="0" sequenceCoverage="100" branchCoverage="100" isConstructor="false" isStatic="false" isGetter="false" isSetter="true">
              <Summary numSequencePoints="1" visitedSequencePoints="1" numBranchPoints="1" visitedBranchPoints="1" sequenceCoverage="100" branchCoverage="100" maxCyclomaticComplexity="1" minCyclomaticComplexity="1" visitedClasses="0" numClasses="0" visitedMethods="1" numMethods="1" />
              <MetadataToken>100663493</MetadataToken>
              <Name>System.Void EmployeeTimeControl.Data.AccessLayer.EmployeeTimeControlDataContext::set_EmployeeSet(System.Data.Entity.DbSet`1&lt;EmployeeTimeControl.Data.Models.Employee&gt;)</Name>
              <FileRef uid="35" />
              <SequencePoints>
                <SequencePoint vc="3" uspid="486" ordinal="0" offset="0" sl="16" sc="51" el="16" ec="55" bec="0" bev="0" fileid="35" />
              </SequencePoints>
              <BranchPoints />
              <MethodPoint xsi:type="SequencePoint" vc="3" uspid="486" ordinal="0" offset="0" sl="16" sc="51" el="16" ec="55" bec="0" bev="0" fileid="35" />
            </Method>
            <Method visited="true" cyclomaticComplexity="1" nPathComplexity="0" sequenceCoverage="100" branchCoverage="100" isConstructor="false" isStatic="false" isGetter="true" isSetter="false">
              <Summary numSequencePoints="1" visitedSequencePoints="1" numBranchPoints="1" visitedBranchPoints="1" sequenceCoverage="100" branchCoverage="100" maxCyclomaticComplexity="1" minCyclomaticComplexity="1" visitedClasses="0" numClasses="0" visitedMethods="1" numMethods="1" />
              <MetadataToken>100663494</MetadataToken>
              <Name>System.Data.Entity.DbSet`1&lt;EmployeeTimeControl.Data.Models.PassagePoint&gt; EmployeeTimeControl.Data.AccessLayer.EmployeeTimeControlDataContext::get_PassagePointSet()</Name>
              <FileRef uid="35" />
              <SequencePoints>
                <SequencePoint vc="6" uspid="487" ordinal="0" offset="0" sl="17" sc="54" el="17" ec="58" bec="0" bev="0" fileid="35" />
              </SequencePoints>
              <BranchPoints />
              <MethodPoint xsi:type="SequencePoint" vc="6" uspid="487" ordinal="0" offset="0" sl="17" sc="54" el="17" ec="58" bec="0" bev="0" fileid="35" />
            </Method>
            <Method visited="true" cyclomaticComplexity="1" nPathComplexity="0" sequenceCoverage="100" branchCoverage="100" isConstructor="false" isStatic="false" isGetter="false" isSetter="true">
              <Summary numSequencePoints="1" visitedSequencePoints="1" numBranchPoints="1" visitedBranchPoints="1" sequenceCoverage="100" branchCoverage="100" maxCyclomaticComplexity="1" minCyclomaticComplexity="1" visitedClasses="0" numClasses="0" visitedMethods="1" numMethods="1" />
              <MetadataToken>100663495</MetadataToken>
              <Name>System.Void EmployeeTimeControl.Data.AccessLayer.EmployeeTimeControlDataContext::set_PassagePointSet(System.Data.Entity.DbSet`1&lt;EmployeeTimeControl.Data.Models.PassagePoint&gt;)</Name>
              <FileRef uid="35" />
              <SequencePoints>
                <SequencePoint vc="3" uspid="488" ordinal="0" offset="0" sl="17" sc="59" el="17" ec="63" bec="0" bev="0" fileid="35" />
              </SequencePoints>
              <BranchPoints />
              <MethodPoint xsi:type="SequencePoint" vc="3" uspid="488" ordinal="0" offset="0" sl="17" sc="59" el="17" ec="63" bec="0" bev="0" fileid="35" />
            </Method>
            <Method visited="true" cyclomaticComplexity="1" nPathComplexity="0" sequenceCoverage="100" branchCoverage="100" isConstructor="false" isStatic="false" isGetter="true" isSetter="false">
              <Summary numSequencePoints="1" visitedSequencePoints="1" numBranchPoints="1" visitedBranchPoints="1" sequenceCoverage="100" branchCoverage="100" maxCyclomaticComplexity="1" minCyclomaticComplexity="1" visitedClasses="0" numClasses="0" visitedMethods="1" numMethods="1" />
              <MetadataToken>100663496</MetadataToken>
              <Name>System.Data.Entity.DbSet`1&lt;EmployeeTimeControl.Data.Models.VisitingRule&gt; EmployeeTimeControl.Data.AccessLayer.EmployeeTimeControlDataContext::get_VisitingRuleSet()</Name>
              <FileRef uid="35" />
              <SequencePoints>
                <SequencePoint vc="6" uspid="489" ordinal="0" offset="0" sl="18" sc="54" el="18" ec="58" bec="0" bev="0" fileid="35" />
              </SequencePoints>
              <BranchPoints />
              <MethodPoint xsi:type="SequencePoint" vc="6" uspid="489" ordinal="0" offset="0" sl="18" sc="54" el="18" ec="58" bec="0" bev="0" fileid="35" />
            </Method>
            <Method visited="true" cyclomaticComplexity="1" nPathComplexity="0" sequenceCoverage="100" branchCoverage="100" isConstructor="false" isStatic="false" isGetter="false" isSetter="true">
              <Summary numSequencePoints="1" visitedSequencePoints="1" numBranchPoints="1" visitedBranchPoints="1" sequenceCoverage="100" branchCoverage="100" maxCyclomaticComplexity="1" minCyclomaticComplexity="1" visitedClasses="0" numClasses="0" visitedMethods="1" numMethods="1" />
              <MetadataToken>100663497</MetadataToken>
              <Name>System.Void EmployeeTimeControl.Data.AccessLayer.EmployeeTimeControlDataContext::set_VisitingRuleSet(System.Data.Entity.DbSet`1&lt;EmployeeTimeControl.Data.Models.VisitingRule&gt;)</Name>
              <FileRef uid="35" />
              <SequencePoints>
                <SequencePoint vc="3" uspid="490" ordinal="0" offset="0" sl="18" sc="59" el="18" ec="63" bec="0" bev="0" fileid="35" />
              </SequencePoints>
              <BranchPoints />
              <MethodPoint xsi:type="SequencePoint" vc="3" uspid="490" ordinal="0" offset="0" sl="18" sc="59" el="18" ec="63" bec="0" bev="0" fileid="35" />
            </Method>
            <Method visited="true" cyclomaticComplexity="1" nPathComplexity="0" sequenceCoverage="100" branchCoverage="100" isConstructor="false" isStatic="false" isGetter="true" isSetter="false">
              <Summary numSequencePoints="1" visitedSequencePoints="1" numBranchPoints="1" visitedBranchPoints="1" sequenceCoverage="100" branchCoverage="100" maxCyclomaticComplexity="1" minCyclomaticComplexity="1" visitedClasses="0" numClasses="0" visitedMethods="1" numMethods="1" />
              <MetadataToken>100663498</MetadataToken>
              <Name>System.Data.Entity.DbSet`1&lt;EmployeeTimeControl.Data.Models.DayOff&gt; EmployeeTimeControl.Data.AccessLayer.EmployeeTimeControlDataContext::get_DayOffSet()</Name>
              <FileRef uid="35" />
              <SequencePoints>
                <SequencePoint vc="6" uspid="491" ordinal="0" offset="0" sl="19" sc="42" el="19" ec="46" bec="0" bev="0" fileid="35" />
              </SequencePoints>
              <BranchPoints />
              <MethodPoint xsi:type="SequencePoint" vc="6" uspid="491" ordinal="0" offset="0" sl="19" sc="42" el="19" ec="46" bec="0" bev="0" fileid="35" />
            </Method>
            <Method visited="true" cyclomaticComplexity="1" nPathComplexity="0" sequenceCoverage="100" branchCoverage="100" isConstructor="false" isStatic="false" isGetter="false" isSetter="true">
              <Summary numSequencePoints="1" visitedSequencePoints="1" numBranchPoints="1" visitedBranchPoints="1" sequenceCoverage="100" branchCoverage="100" maxCyclomaticComplexity="1" minCyclomaticComplexity="1" visitedClasses="0" numClasses="0" visitedMethods="1" numMethods="1" />
              <MetadataToken>100663499</MetadataToken>
              <Name>System.Void EmployeeTimeControl.Data.AccessLayer.EmployeeTimeControlDataContext::set_DayOffSet(System.Data.Entity.DbSet`1&lt;EmployeeTimeControl.Data.Models.DayOff&gt;)</Name>
              <FileRef uid="35" />
              <SequencePoints>
                <SequencePoint vc="3" uspid="492" ordinal="0" offset="0" sl="19" sc="47" el="19" ec="51" bec="0" bev="0" fileid="35" />
              </SequencePoints>
              <BranchPoints />
              <MethodPoint xsi:type="SequencePoint" vc="3" uspid="492" ordinal="0" offset="0" sl="19" sc="47" el="19" ec="51" bec="0" bev="0" fileid="35" />
            </Method>
            <Method visited="true" cyclomaticComplexity="1" nPathComplexity="0" sequenceCoverage="100" branchCoverage="100" isConstructor="true" isStatic="false" isGetter="false" isSetter="false">
              <Summary numSequencePoints="3" visitedSequencePoints="3" numBranchPoints="1" visitedBranchPoints="1" sequenceCoverage="100" branchCoverage="100" maxCyclomaticComplexity="1" minCyclomaticComplexity="1" visitedClasses="0" numClasses="0" visitedMethods="1" numMethods="1" />
              <MetadataToken>100663483</MetadataToken>
              <Name>System.Void EmployeeTimeControl.Data.AccessLayer.EmployeeTimeControlDataContext::.ctor(System.String)</Name>
              <FileRef uid="35" />
              <SequencePoints>
                <SequencePoint vc="3" uspid="493" ordinal="0" offset="0" sl="8" sc="108" el="8" ec="134" bec="0" bev="0" fileid="35" />
                <SequencePoint vc="3" uspid="494" ordinal="1" offset="8" sl="9" sc="9" el="9" ec="10" bec="0" bev="0" fileid="35" />
                <SequencePoint vc="3" uspid="495" ordinal="2" offset="9" sl="10" sc="9" el="10" ec="10" bec="0" bev="0" fileid="35" />
              </SequencePoints>
              <BranchPoints />
              <MethodPoint xsi:type="SequencePoint" vc="3" uspid="493" ordinal="0" offset="0" sl="8" sc="108" el="8" ec="134" bec="0" bev="0" fileid="35" />
            </Method>
          </Methods>
        </Class>
      </Classes>
    </Module>
    <Module skippedDueTo="MissingPdb" hash="12-3F-E3-10-D1-D0-35-93-2B-65-FA-C5-00-62-09-C4-DC-D6-92-BF">
      <ModulePath>D:\Studying\III_Cource\V_Semester\CourseWork\EmployeeTimeControlSolution\Tests\EmployeeTimeControl.Data.Test\bin\Debug\EntityFramework.dll</ModulePath>
      <ModuleTime>2017-10-23T10:15:18Z</ModuleTime>
      <ModuleName>EntityFramework</ModuleName>
      <Classes />
    </Module>
    <Module skippedDueTo="Filter" hash="9C-DB-95-DC-25-D5-38-7E-C2-3A-20-8F-14-5D-A9-56-2A-D7-00-E3">
      <ModulePath>C:\Windows\Microsoft.Net\assembly\GAC_MSIL\System.Configuration\v4.0_4.0.0.0__b03f5f7f11d50a3a\System.Configuration.dll</ModulePath>
      <ModuleTime>2015-11-05T17:36:48Z</ModuleTime>
      <ModuleName>System.Configuration</ModuleName>
      <Classes />
    </Module>
    <Module skippedDueTo="Filter" hash="F7-E9-75-D6-35-98-70-4A-0F-45-76-1B-B3-83-70-38-5E-DF-02-47">
      <ModulePath>C:\Windows\Microsoft.Net\assembly\GAC_MSIL\System.Xml\v4.0_4.0.0.0__b77a5c561934e089\System.Xml.dll</ModulePath>
      <ModuleTime>2015-11-05T17:36:48Z</ModuleTime>
      <ModuleName>System.Xml</ModuleName>
      <Classes />
    </Module>
    <Module skippedDueTo="Filter" hash="6C-72-90-32-BD-6C-13-33-1B-BF-95-BB-29-8E-A9-4C-2E-7E-D3-86">
      <ModulePath>C:\Windows\Microsoft.Net\assembly\GAC_32\System.Data\v4.0_4.0.0.0__b77a5c561934e089\System.Data.dll</ModulePath>
      <ModuleTime>2015-11-05T17:36:48Z</ModuleTime>
      <ModuleName>System.Data</ModuleName>
      <Classes />
    </Module>
    <Module skippedDueTo="MissingPdb" hash="9D-8C-F0-38-93-AA-F9-80-7F-99-3F-48-55-49-21-AF-A0-81-85-9F">
      <ModulePath>D:\Studying\III_Cource\V_Semester\CourseWork\EmployeeTimeControlSolution\Tests\EmployeeTimeControl.Data.Test\bin\Debug\EntityFramework.SqlServer.dll</ModulePath>
      <ModuleTime>2017-10-23T10:15:20Z</ModuleTime>
      <ModuleName>EntityFramework.SqlServer</ModuleName>
      <Classes />
    </Module>
    <Module skippedDueTo="MissingPdb" hash="">
      <ModulePath>RefEmit_InMemoryManifestModule</ModulePath>
      <ModuleTime>0001-01-01T00:00:00</ModuleTime>
      <ModuleName>Anonymously Hosted DynamicMethods Assembly</ModuleName>
      <Classes />
    </Module>
    <Module skippedDueTo="Filter" hash="6F-C2-AA-43-07-48-10-42-AF-F7-EC-B4-26-35-DB-7B-AA-1F-5E-09">
      <ModulePath>C:\Windows\Microsoft.Net\assembly\GAC_32\System.Transactions\v4.0_4.0.0.0__b77a5c561934e089\System.Transactions.dll</ModulePath>
      <ModuleTime>2015-11-05T17:36:48Z</ModuleTime>
      <ModuleName>System.Transactions</ModuleName>
      <Classes />
    </Module>
    <Module skippedDueTo="Filter" hash="53-BE-40-65-72-CF-40-9A-6B-43-AD-5D-1B-BB-67-61-8D-23-0F-4F">
      <ModulePath>C:\Windows\Microsoft.Net\assembly\GAC_MSIL\System.Numerics\v4.0_4.0.0.0__b77a5c561934e089\System.Numerics.dll</ModulePath>
      <ModuleTime>2015-11-05T17:36:48Z</ModuleTime>
      <ModuleName>System.Numerics</ModuleName>
      <Classes />
    </Module>
    <Module skippedDueTo="Filter" hash="41-46-4F-7B-F3-E9-F3-3F-6F-1E-D3-5B-2E-A4-4A-3C-BD-04-9B-58">
      <ModulePath>C:\Windows\Microsoft.Net\assembly\GAC_32\System.Data.OracleClient\v4.0_4.0.0.0__b77a5c561934e089\System.Data.OracleClient.dll</ModulePath>
      <ModuleTime>2015-11-05T17:36:48Z</ModuleTime>
      <ModuleName>System.Data.OracleClient</ModuleName>
      <Classes />
    </Module>
    <Module skippedDueTo="Filter" hash="B0-AB-62-4B-AA-32-AD-A8-2E-19-2B-B2-98-82-02-06-E8-CF-C0-67">
      <ModulePath>C:\Windows\Microsoft.Net\assembly\GAC_MSIL\System.ComponentModel.DataAnnotations\v4.0_4.0.0.0__31bf3856ad364e35\System.ComponentModel.DataAnnotations.dll</ModulePath>
      <ModuleTime>2015-11-05T17:36:48Z</ModuleTime>
      <ModuleName>System.ComponentModel.DataAnnotations</ModuleName>
      <Classes />
    </Module>
    <Module skippedDueTo="Filter" hash="14-95-0D-B8-0B-7E-26-E1-6B-7D-7B-79-8C-6B-86-67-8E-A4-DD-BF">
      <ModulePath>C:\Windows\Microsoft.Net\assembly\GAC_32\System.EnterpriseServices\v4.0_4.0.0.0__b03f5f7f11d50a3a\System.EnterpriseServices.dll</ModulePath>
      <ModuleTime>2015-11-05T17:36:48Z</ModuleTime>
      <ModuleName>System.EnterpriseServices</ModuleName>
      <Classes />
    </Module>
    <Module skippedDueTo="Filter" hash="68-53-17-3A-35-94-E7-F4-1C-74-36-22-12-61-37-77-EE-E2-27-85">
      <ModulePath>C:\Windows\Microsoft.Net\assembly\GAC_MSIL\System.Xml.Linq\v4.0_4.0.0.0__b77a5c561934e089\System.Xml.Linq.dll</ModulePath>
      <ModuleTime>2015-11-05T17:36:48Z</ModuleTime>
      <ModuleName>System.Xml.Linq</ModuleName>
      <Classes />
    </Module>
    <Module skippedDueTo="MissingPdb" hash="2F-B0-BE-10-0D-E0-36-80-FC-43-09-C9-FA-5A-29-E6-93-97-A9-80">
      <ModulePath>D:\Studying\III_Cource\V_Semester\CourseWork\EmployeeTimeControlSolution\Tests\EmployeeTimeControl.Data.Test\bin\Debug\Newtonsoft.Json.dll</ModulePath>
      <ModuleTime>2017-06-18T10:57:10Z</ModuleTime>
      <ModuleName>Newtonsoft.Json</ModuleName>
      <Classes />
    </Module>
    <Module skippedDueTo="Filter" hash="D1-E5-AC-AB-DF-89-EF-36-FA-C3-C2-47-47-DC-83-A6-08-4C-A6-50">
      <ModulePath>C:\Windows\Microsoft.Net\assembly\GAC_MSIL\System.Runtime.Serialization\v4.0_4.0.0.0__b77a5c561934e089\System.Runtime.Serialization.dll</ModulePath>
      <ModuleTime>2015-11-05T17:36:48Z</ModuleTime>
      <ModuleName>System.Runtime.Serialization</ModuleName>
      <Classes />
    </Module>
    <Module skippedDueTo="MissingPdb" hash="">
      <ModulePath>RefEmit_InMemoryManifestModule</ModulePath>
      <ModuleTime>0001-01-01T00:00:00</ModuleTime>
      <ModuleName>EntityFrameworkDynamicProxies-EmployeeTimeControl.Data</ModuleName>
      <Classes />
    </Module>
    <Module skippedDueTo="MissingPdb" hash="BF-E5-4F-FE-CF-53-6A-47-B3-9C-83-FA-80-22-8A-DC-19-81-A7-C4">
      <ModulePath>D:\Studying\III_Cource\V_Semester\CourseWork\EmployeeTimeControlSolution\Tests\EmployeeTimeControl.Data.Test\bin\Debug\xunit.assert.dll</ModulePath>
      <ModuleTime>2017-10-27T02:34:24Z</ModuleTime>
      <ModuleName>xunit.assert</ModuleName>
      <Classes />
    </Module>
    <Module skippedDueTo="Filter" hash="1A-4F-FB-C9-E4-BA-9A-44-CC-5E-02-41-D9-55-3F-65-5C-73-FD-55">
      <ModulePath>C:\Windows\Microsoft.Net\assembly\GAC_MSIL\System.Reflection\v4.0_4.0.0.0__b03f5f7f11d50a3a\System.Reflection.dll</ModulePath>
      <ModuleTime>2015-11-05T17:36:48Z</ModuleTime>
      <ModuleName>System.Reflection</ModuleName>
      <Classes />
    </Module>
    <Module skippedDueTo="Filter" hash="32-23-60-F8-7A-DA-F0-23-55-77-B6-AB-02-67-B8-A2-81-95-35-80">
      <ModulePath>C:\Windows\Microsoft.Net\assembly\GAC_MSIL\System.Transactions.resources\v4.0_4.0.0.0_ru_b77a5c561934e089\System.Transactions.resources.dll</ModulePath>
      <ModuleTime>2015-11-05T19:25:32Z</ModuleTime>
      <ModuleName>System.Transactions.resources</ModuleName>
      <Classes />
    </Module>
  </Modules>
</CoverageSession>